2019-12-10 22:27:08.427|INFO ||c.z.SpringMainServer|Starting SpringMainServer on 276L1TOFFTS9ZKY with PID 2380 (E:\springcloudworkspace\SpringBootTest\target\classes started by Administrator in E:\springcloudworkspace\SpringBootTest)
2019-12-10 22:27:08.444|INFO ||c.z.SpringMainServer|No active profile set, falling back to default profiles: default
2019-12-10 22:27:08.587|INFO ||o.s.b.c.e.AnnotationConfigEmbeddedWebApplicationContext|Refreshing org.springframework.boot.context.embedded.AnnotationConfigEmbeddedWebApplicationContext@710c2b53: startup date [Tue Dec 10 22:27:08 CST 2019]; root of context hierarchy
2019-12-10 22:27:09.187|INFO ||o.h.v.i.u.Version|HV000001: Hibernate Validator 5.3.6.Final
2019-12-10 22:27:12.365|INFO ||o.s.b.c.e.t.TomcatEmbeddedServletContainer|Tomcat initialized with port(s): 8080 (http)
2019-12-10 22:27:12.388|INFO ||o.a.c.c.StandardService|Starting service [Tomcat]
2019-12-10 22:27:12.390|INFO ||o.a.c.c.StandardEngine|Starting Servlet Engine: Apache Tomcat/8.5.27
2019-12-10 22:27:12.602|INFO ||o.a.c.c.C.[.[.[/]|Initializing Spring embedded WebApplicationContext
2019-12-10 22:27:12.602|INFO ||o.s.w.c.ContextLoader|Root WebApplicationContext: initialization completed in 4015 ms
2019-12-10 22:27:12.906|INFO ||o.s.b.w.s.ServletRegistrationBean|Mapping servlet: 'dispatcherServlet' to [/]
2019-12-10 22:27:12.911|INFO ||o.s.b.w.s.FilterRegistrationBean|Mapping filter: 'characterEncodingFilter' to: [/*]
2019-12-10 22:27:12.911|INFO ||o.s.b.w.s.FilterRegistrationBean|Mapping filter: 'hiddenHttpMethodFilter' to: [/*]
2019-12-10 22:27:12.912|INFO ||o.s.b.w.s.FilterRegistrationBean|Mapping filter: 'httpPutFormContentFilter' to: [/*]
2019-12-10 22:27:12.912|INFO ||o.s.b.w.s.FilterRegistrationBean|Mapping filter: 'requestContextFilter' to: [/*]
2019-12-10 22:27:12.912|INFO ||o.s.b.w.s.FilterRegistrationBean|Mapping filter: 'TestFilter' to urls: [/*]
2019-12-10 22:27:13.548|INFO ||o.s.w.s.m.m.a.RequestMappingHandlerAdapter|Looking for @ControllerAdvice: org.springframework.boot.context.embedded.AnnotationConfigEmbeddedWebApplicationContext@710c2b53: startup date [Tue Dec 10 22:27:08 CST 2019]; root of context hierarchy
2019-12-10 22:27:13.685|INFO ||o.s.w.s.m.m.a.RequestMappingHandlerMapping|Mapped "{[/fileUpload]}" onto public java.util.Map<java.lang.String, java.lang.Object> com.zxp.controler.FileUploadControler.fileUpload(org.springframework.web.multipart.MultipartFile) throws java.lang.IllegalStateException,java.io.IOException
2019-12-10 22:27:13.688|INFO ||o.s.w.s.m.m.a.RequestMappingHandlerMapping|Mapped "{[/hello]}" onto public java.util.Map<java.lang.String, java.lang.Object> com.zxp.controler.HelloControler.showHelloWorld()
2019-12-10 22:27:13.692|INFO ||o.s.w.s.m.m.a.RequestMappingHandlerMapping|Mapped "{[/error]}" onto public org.springframework.http.ResponseEntity<java.util.Map<java.lang.String, java.lang.Object>> org.springframework.boot.autoconfigure.web.BasicErrorController.error(javax.servlet.http.HttpServletRequest)
2019-12-10 22:27:13.693|INFO ||o.s.w.s.m.m.a.RequestMappingHandlerMapping|Mapped "{[/error],produces=[text/html]}" onto public org.springframework.web.servlet.ModelAndView org.springframework.boot.autoconfigure.web.BasicErrorController.errorHtml(javax.servlet.http.HttpServletRequest,javax.servlet.http.HttpServletResponse)
2019-12-10 22:27:13.772|INFO ||o.s.w.s.h.SimpleUrlHandlerMapping|Mapped URL path [/webjars/**] onto handler of type [class org.springframework.web.servlet.resource.ResourceHttpRequestHandler]
2019-12-10 22:27:13.772|INFO ||o.s.w.s.h.SimpleUrlHandlerMapping|Mapped URL path [/**] onto handler of type [class org.springframework.web.servlet.resource.ResourceHttpRequestHandler]
2019-12-10 22:27:13.869|INFO ||o.s.w.s.h.SimpleUrlHandlerMapping|Mapped URL path [/**/favicon.ico] onto handler of type [class org.springframework.web.servlet.resource.ResourceHttpRequestHandler]
2019-12-10 22:27:13.918|INFO ||o.s.b.a.w.WebMvcAutoConfiguration$WelcomePageHandlerMapping|Adding welcome page: ServletContext resource [/index.html]
2019-12-10 22:27:14.400|INFO ||o.s.j.e.a.AnnotationMBeanExporter|Registering beans for JMX exposure on startup
2019-12-10 22:27:14.429|INFO ||o.a.c.h.Http11NioProtocol|Initializing ProtocolHandler ["http-nio-8080"]
2019-12-10 22:27:14.452|INFO ||o.a.c.h.Http11NioProtocol|Starting ProtocolHandler ["http-nio-8080"]
2019-12-10 22:27:14.480|INFO ||o.a.t.u.n.NioSelectorPool|Using a shared selector for servlet write/read
2019-12-10 22:27:14.527|INFO ||o.s.b.c.e.t.TomcatEmbeddedServletContainer|Tomcat started on port(s): 8080 (http)
2019-12-10 22:27:14.536|INFO ||c.z.SpringMainServer|Started SpringMainServer in 6.54 seconds (JVM running for 7.445)
