2019-12-15 09:31:57.914|INFO ||c.z.SpringMainServer|Starting SpringMainServer on 276L1TOFFTS9ZKY with PID 5100 (E:\springcloudworkspace\SpringBootTest\target\classes started by Administrator in E:\springcloudworkspace\SpringBootTest)
2019-12-15 09:31:57.939|INFO ||c.z.SpringMainServer|No active profile set, falling back to default profiles: default
2019-12-15 09:31:58.090|INFO ||o.s.b.c.e.AnnotationConfigEmbeddedWebApplicationContext|Refreshing org.springframework.boot.context.embedded.AnnotationConfigEmbeddedWebApplicationContext@710c2b53: startup date [Sun Dec 15 09:31:58 CST 2019]; root of context hierarchy
2019-12-15 09:31:59.066|INFO ||o.h.v.i.u.Version|HV000001: Hibernate Validator 5.3.6.Final
2019-12-15 09:32:01.904|INFO ||o.s.b.c.e.t.TomcatEmbeddedServletContainer|Tomcat initialized with port(s): 8080 (http)
2019-12-15 09:32:01.931|INFO ||o.a.c.c.StandardService|Starting service [Tomcat]
2019-12-15 09:32:01.933|INFO ||o.a.c.c.StandardEngine|Starting Servlet Engine: Apache Tomcat/8.5.27
2019-12-15 09:32:02.131|INFO ||o.a.c.c.C.[.[.[/]|Initializing Spring embedded WebApplicationContext
2019-12-15 09:32:02.131|INFO ||o.s.w.c.ContextLoader|Root WebApplicationContext: initialization completed in 4041 ms
2019-12-15 09:32:02.449|INFO ||o.s.b.w.s.ServletRegistrationBean|Mapping servlet: 'dispatcherServlet' to [/]
2019-12-15 09:32:02.458|INFO ||o.s.b.w.s.FilterRegistrationBean|Mapping filter: 'characterEncodingFilter' to: [/*]
2019-12-15 09:32:02.459|INFO ||o.s.b.w.s.FilterRegistrationBean|Mapping filter: 'hiddenHttpMethodFilter' to: [/*]
2019-12-15 09:32:02.459|INFO ||o.s.b.w.s.FilterRegistrationBean|Mapping filter: 'httpPutFormContentFilter' to: [/*]
2019-12-15 09:32:02.460|INFO ||o.s.b.w.s.FilterRegistrationBean|Mapping filter: 'requestContextFilter' to: [/*]
2019-12-15 09:32:02.460|INFO ||o.s.b.w.s.FilterRegistrationBean|Mapping filter: 'TestFilter' to urls: [/*]
2019-12-15 09:32:02.568|WARN ||o.s.b.c.e.AnnotationConfigEmbeddedWebApplicationContext|Exception encountered during context initialization - cancelling refresh attempt: org.springframework.beans.factory.UnsatisfiedDependencyException: Error creating bean with name 'userControler': Unsatisfied dependency expressed through field 'userDao'; nested exception is org.springframework.beans.factory.UnsatisfiedDependencyException: Error creating bean with name 'userDao': Unsatisfied dependency expressed through field 'userMapper'; nested exception is org.springframework.beans.factory.NoSuchBeanDefinitionException: No qualifying bean of type 'com.zxp.mapper.UserMapper' available: expected at least 1 bean which qualifies as autowire candidate. Dependency annotations: {@org.springframework.beans.factory.annotation.Autowired(required=true)}
2019-12-15 09:32:02.581|INFO ||o.a.c.c.StandardService|Stopping service [Tomcat]
2019-12-15 09:32:02.607|INFO ||o.s.b.a.l.AutoConfigurationReportLoggingInitializer|

Error starting ApplicationContext. To display the auto-configuration report re-run your application with 'debug' enabled.
2019-12-15 09:32:02.746|ERROR||o.s.b.d.LoggingFailureAnalysisReporter|

***************************
APPLICATION FAILED TO START
***************************

Description:

Field userMapper in com.zxp.dao.UserDao required a bean of type 'com.zxp.mapper.UserMapper' that could not be found.


Action:

Consider defining a bean of type 'com.zxp.mapper.UserMapper' in your configuration.

2019-12-15 09:32:43.639|INFO ||c.z.SpringMainServer|Starting SpringMainServer on 276L1TOFFTS9ZKY with PID 2540 (E:\springcloudworkspace\SpringBootTest\target\classes started by Administrator in E:\springcloudworkspace\SpringBootTest)
2019-12-15 09:32:43.646|INFO ||c.z.SpringMainServer|No active profile set, falling back to default profiles: default
2019-12-15 09:32:43.744|INFO ||o.s.b.c.e.AnnotationConfigEmbeddedWebApplicationContext|Refreshing org.springframework.boot.context.embedded.AnnotationConfigEmbeddedWebApplicationContext@710c2b53: startup date [Sun Dec 15 09:32:43 CST 2019]; root of context hierarchy
2019-12-15 09:32:44.240|INFO ||o.h.v.i.u.Version|HV000001: Hibernate Validator 5.3.6.Final
2019-12-15 09:32:46.105|INFO ||o.s.b.c.e.t.TomcatEmbeddedServletContainer|Tomcat initialized with port(s): 8080 (http)
2019-12-15 09:32:46.123|INFO ||o.a.c.c.StandardService|Starting service [Tomcat]
2019-12-15 09:32:46.125|INFO ||o.a.c.c.StandardEngine|Starting Servlet Engine: Apache Tomcat/8.5.27
2019-12-15 09:32:46.317|INFO ||o.a.c.c.C.[.[.[/]|Initializing Spring embedded WebApplicationContext
2019-12-15 09:32:46.318|INFO ||o.s.w.c.ContextLoader|Root WebApplicationContext: initialization completed in 2574 ms
2019-12-15 09:32:46.655|INFO ||o.s.b.w.s.ServletRegistrationBean|Mapping servlet: 'dispatcherServlet' to [/]
2019-12-15 09:32:46.661|INFO ||o.s.b.w.s.FilterRegistrationBean|Mapping filter: 'characterEncodingFilter' to: [/*]
2019-12-15 09:32:46.661|INFO ||o.s.b.w.s.FilterRegistrationBean|Mapping filter: 'hiddenHttpMethodFilter' to: [/*]
2019-12-15 09:32:46.661|INFO ||o.s.b.w.s.FilterRegistrationBean|Mapping filter: 'httpPutFormContentFilter' to: [/*]
2019-12-15 09:32:46.662|INFO ||o.s.b.w.s.FilterRegistrationBean|Mapping filter: 'requestContextFilter' to: [/*]
2019-12-15 09:32:46.662|INFO ||o.s.b.w.s.FilterRegistrationBean|Mapping filter: 'TestFilter' to urls: [/*]
2019-12-15 09:32:46.792|WARN ||o.s.b.c.e.AnnotationConfigEmbeddedWebApplicationContext|Exception encountered during context initialization - cancelling refresh attempt: org.springframework.beans.factory.UnsatisfiedDependencyException: Error creating bean with name 'userControler': Unsatisfied dependency expressed through field 'userDao'; nested exception is org.springframework.beans.factory.UnsatisfiedDependencyException: Error creating bean with name 'userDao': Unsatisfied dependency expressed through field 'userMapper'; nested exception is org.springframework.beans.factory.NoSuchBeanDefinitionException: No qualifying bean of type 'com.zxp.mapper.UserMapper' available: expected at least 1 bean which qualifies as autowire candidate. Dependency annotations: {@org.springframework.beans.factory.annotation.Autowired(required=true)}
2019-12-15 09:32:46.798|INFO ||o.a.c.c.StandardService|Stopping service [Tomcat]
2019-12-15 09:32:46.838|INFO ||o.s.b.a.l.AutoConfigurationReportLoggingInitializer|

Error starting ApplicationContext. To display the auto-configuration report re-run your application with 'debug' enabled.
2019-12-15 09:32:47.060|ERROR||o.s.b.d.LoggingFailureAnalysisReporter|

***************************
APPLICATION FAILED TO START
***************************

Description:

Field userMapper in com.zxp.dao.UserDao required a bean of type 'com.zxp.mapper.UserMapper' that could not be found.


Action:

Consider defining a bean of type 'com.zxp.mapper.UserMapper' in your configuration.

2019-12-15 09:33:57.462|INFO ||c.z.SpringMainServer|Starting SpringMainServer on 276L1TOFFTS9ZKY with PID 4668 (E:\springcloudworkspace\SpringBootTest\target\classes started by Administrator in E:\springcloudworkspace\SpringBootTest)
2019-12-15 09:33:57.469|INFO ||c.z.SpringMainServer|No active profile set, falling back to default profiles: default
2019-12-15 09:33:57.580|INFO ||o.s.b.c.e.AnnotationConfigEmbeddedWebApplicationContext|Refreshing org.springframework.boot.context.embedded.AnnotationConfigEmbeddedWebApplicationContext@710c2b53: startup date [Sun Dec 15 09:33:57 CST 2019]; root of context hierarchy
2019-12-15 09:33:58.128|INFO ||o.h.v.i.u.Version|HV000001: Hibernate Validator 5.3.6.Final
2019-12-15 09:34:00.022|INFO ||o.s.b.c.e.t.TomcatEmbeddedServletContainer|Tomcat initialized with port(s): 8080 (http)
2019-12-15 09:34:00.054|INFO ||o.a.c.c.StandardService|Starting service [Tomcat]
2019-12-15 09:34:00.058|INFO ||o.a.c.c.StandardEngine|Starting Servlet Engine: Apache Tomcat/8.5.27
2019-12-15 09:34:00.260|INFO ||o.a.c.c.C.[.[.[/]|Initializing Spring embedded WebApplicationContext
2019-12-15 09:34:00.260|INFO ||o.s.w.c.ContextLoader|Root WebApplicationContext: initialization completed in 2680 ms
2019-12-15 09:34:00.644|INFO ||o.s.b.w.s.ServletRegistrationBean|Mapping servlet: 'dispatcherServlet' to [/]
2019-12-15 09:34:00.654|INFO ||o.s.b.w.s.FilterRegistrationBean|Mapping filter: 'characterEncodingFilter' to: [/*]
2019-12-15 09:34:00.655|INFO ||o.s.b.w.s.FilterRegistrationBean|Mapping filter: 'hiddenHttpMethodFilter' to: [/*]
2019-12-15 09:34:00.655|INFO ||o.s.b.w.s.FilterRegistrationBean|Mapping filter: 'httpPutFormContentFilter' to: [/*]
2019-12-15 09:34:00.655|INFO ||o.s.b.w.s.FilterRegistrationBean|Mapping filter: 'requestContextFilter' to: [/*]
2019-12-15 09:34:00.655|INFO ||o.s.b.w.s.FilterRegistrationBean|Mapping filter: 'TestFilter' to urls: [/*]
2019-12-15 09:34:00.786|WARN ||o.s.b.c.e.AnnotationConfigEmbeddedWebApplicationContext|Exception encountered during context initialization - cancelling refresh attempt: org.springframework.beans.factory.UnsatisfiedDependencyException: Error creating bean with name 'userControler': Unsatisfied dependency expressed through field 'userDao'; nested exception is org.springframework.beans.factory.UnsatisfiedDependencyException: Error creating bean with name 'userDao': Unsatisfied dependency expressed through field 'userMapper'; nested exception is org.springframework.beans.factory.NoSuchBeanDefinitionException: No qualifying bean of type 'com.zxp.mapper.UserMapper' available: expected at least 1 bean which qualifies as autowire candidate. Dependency annotations: {@org.springframework.beans.factory.annotation.Autowired(required=true)}
2019-12-15 09:34:00.792|INFO ||o.a.c.c.StandardService|Stopping service [Tomcat]
2019-12-15 09:34:00.819|INFO ||o.s.b.a.l.AutoConfigurationReportLoggingInitializer|

Error starting ApplicationContext. To display the auto-configuration report re-run your application with 'debug' enabled.
2019-12-15 09:34:01.014|ERROR||o.s.b.d.LoggingFailureAnalysisReporter|

***************************
APPLICATION FAILED TO START
***************************

Description:

Field userMapper in com.zxp.dao.UserDao required a bean of type 'com.zxp.mapper.UserMapper' that could not be found.


Action:

Consider defining a bean of type 'com.zxp.mapper.UserMapper' in your configuration.

2019-12-15 09:38:25.697|INFO ||c.z.SpringMainServer|Starting SpringMainServer on 276L1TOFFTS9ZKY with PID 1060 (E:\springcloudworkspace\SpringBootTest\target\classes started by Administrator in E:\springcloudworkspace\SpringBootTest)
2019-12-15 09:38:25.699|INFO ||c.z.SpringMainServer|No active profile set, falling back to default profiles: default
2019-12-15 09:38:25.785|INFO ||o.s.b.c.e.AnnotationConfigEmbeddedWebApplicationContext|Refreshing org.springframework.boot.context.embedded.AnnotationConfigEmbeddedWebApplicationContext@55ca8de8: startup date [Sun Dec 15 09:38:25 CST 2019]; root of context hierarchy
2019-12-15 09:38:26.355|INFO ||o.h.v.i.u.Version|HV000001: Hibernate Validator 5.3.6.Final
2019-12-15 09:38:27.736|INFO ||o.s.b.c.e.t.TomcatEmbeddedServletContainer|Tomcat initialized with port(s): 8080 (http)
2019-12-15 09:38:27.755|INFO ||o.a.c.c.StandardService|Starting service [Tomcat]
2019-12-15 09:38:27.757|INFO ||o.a.c.c.StandardEngine|Starting Servlet Engine: Apache Tomcat/8.5.27
2019-12-15 09:38:27.910|INFO ||o.a.c.c.C.[.[.[/]|Initializing Spring embedded WebApplicationContext
2019-12-15 09:38:27.915|INFO ||o.s.w.c.ContextLoader|Root WebApplicationContext: initialization completed in 2130 ms
2019-12-15 09:38:28.155|INFO ||o.s.b.w.s.ServletRegistrationBean|Mapping servlet: 'dispatcherServlet' to [/]
2019-12-15 09:38:28.160|INFO ||o.s.b.w.s.FilterRegistrationBean|Mapping filter: 'characterEncodingFilter' to: [/*]
2019-12-15 09:38:28.161|INFO ||o.s.b.w.s.FilterRegistrationBean|Mapping filter: 'hiddenHttpMethodFilter' to: [/*]
2019-12-15 09:38:28.161|INFO ||o.s.b.w.s.FilterRegistrationBean|Mapping filter: 'httpPutFormContentFilter' to: [/*]
2019-12-15 09:38:28.161|INFO ||o.s.b.w.s.FilterRegistrationBean|Mapping filter: 'requestContextFilter' to: [/*]
2019-12-15 09:38:28.161|INFO ||o.s.b.w.s.FilterRegistrationBean|Mapping filter: 'TestFilter' to urls: [/*]
2019-12-15 09:38:28.225|WARN ||o.s.b.c.e.AnnotationConfigEmbeddedWebApplicationContext|Exception encountered during context initialization - cancelling refresh attempt: org.springframework.beans.factory.UnsatisfiedDependencyException: Error creating bean with name 'userControler': Unsatisfied dependency expressed through field 'userService'; nested exception is org.springframework.beans.factory.UnsatisfiedDependencyException: Error creating bean with name 'userService': Unsatisfied dependency expressed through field 'userMapper'; nested exception is org.springframework.beans.factory.NoSuchBeanDefinitionException: No qualifying bean of type 'com.zxp.mapper.UserMapper' available: expected at least 1 bean which qualifies as autowire candidate. Dependency annotations: {@org.springframework.beans.factory.annotation.Autowired(required=true)}
2019-12-15 09:38:28.228|INFO ||o.a.c.c.StandardService|Stopping service [Tomcat]
2019-12-15 09:38:28.245|INFO ||o.s.b.a.l.AutoConfigurationReportLoggingInitializer|

Error starting ApplicationContext. To display the auto-configuration report re-run your application with 'debug' enabled.
2019-12-15 09:38:28.363|ERROR||o.s.b.d.LoggingFailureAnalysisReporter|

***************************
APPLICATION FAILED TO START
***************************

Description:

Field userMapper in com.zxp.service.UserService required a bean of type 'com.zxp.mapper.UserMapper' that could not be found.


Action:

Consider defining a bean of type 'com.zxp.mapper.UserMapper' in your configuration.

2019-12-15 09:43:31.242|INFO ||c.z.SpringMainServer|Starting SpringMainServer on 276L1TOFFTS9ZKY with PID 1712 (E:\springcloudworkspace\SpringBootTest\target\classes started by Administrator in E:\springcloudworkspace\SpringBootTest)
2019-12-15 09:43:31.246|INFO ||c.z.SpringMainServer|No active profile set, falling back to default profiles: default
2019-12-15 09:43:31.342|INFO ||o.s.b.c.e.AnnotationConfigEmbeddedWebApplicationContext|Refreshing org.springframework.boot.context.embedded.AnnotationConfigEmbeddedWebApplicationContext@55ca8de8: startup date [Sun Dec 15 09:43:31 CST 2019]; root of context hierarchy
2019-12-15 09:43:31.800|INFO ||o.h.v.i.u.Version|HV000001: Hibernate Validator 5.3.6.Final
2019-12-15 09:43:33.370|INFO ||o.s.b.c.e.t.TomcatEmbeddedServletContainer|Tomcat initialized with port(s): 8080 (http)
2019-12-15 09:43:33.389|INFO ||o.a.c.c.StandardService|Starting service [Tomcat]
2019-12-15 09:43:33.391|INFO ||o.a.c.c.StandardEngine|Starting Servlet Engine: Apache Tomcat/8.5.27
2019-12-15 09:43:33.568|INFO ||o.a.c.c.C.[.[.[/]|Initializing Spring embedded WebApplicationContext
2019-12-15 09:43:33.569|INFO ||o.s.w.c.ContextLoader|Root WebApplicationContext: initialization completed in 2227 ms
2019-12-15 09:43:33.825|INFO ||o.s.b.w.s.ServletRegistrationBean|Mapping servlet: 'dispatcherServlet' to [/]
2019-12-15 09:43:33.831|INFO ||o.s.b.w.s.FilterRegistrationBean|Mapping filter: 'characterEncodingFilter' to: [/*]
2019-12-15 09:43:33.832|INFO ||o.s.b.w.s.FilterRegistrationBean|Mapping filter: 'hiddenHttpMethodFilter' to: [/*]
2019-12-15 09:43:33.832|INFO ||o.s.b.w.s.FilterRegistrationBean|Mapping filter: 'httpPutFormContentFilter' to: [/*]
2019-12-15 09:43:33.832|INFO ||o.s.b.w.s.FilterRegistrationBean|Mapping filter: 'requestContextFilter' to: [/*]
2019-12-15 09:43:33.832|INFO ||o.s.b.w.s.FilterRegistrationBean|Mapping filter: 'TestFilter' to urls: [/*]
2019-12-15 09:43:33.909|WARN ||o.s.b.c.e.AnnotationConfigEmbeddedWebApplicationContext|Exception encountered during context initialization - cancelling refresh attempt: org.springframework.beans.factory.UnsatisfiedDependencyException: Error creating bean with name 'userControler': Unsatisfied dependency expressed through field 'userService'; nested exception is org.springframework.beans.factory.UnsatisfiedDependencyException: Error creating bean with name 'userService': Unsatisfied dependency expressed through field 'userMapper'; nested exception is org.springframework.beans.factory.NoSuchBeanDefinitionException: No qualifying bean of type 'com.zxp.mapper.UserMapper' available: expected at least 1 bean which qualifies as autowire candidate. Dependency annotations: {@org.springframework.beans.factory.annotation.Autowired(required=true)}
2019-12-15 09:43:33.911|INFO ||o.a.c.c.StandardService|Stopping service [Tomcat]
2019-12-15 09:43:33.928|INFO ||o.s.b.a.l.AutoConfigurationReportLoggingInitializer|

Error starting ApplicationContext. To display the auto-configuration report re-run your application with 'debug' enabled.
2019-12-15 09:43:34.046|ERROR||o.s.b.d.LoggingFailureAnalysisReporter|

***************************
APPLICATION FAILED TO START
***************************

Description:

Field userMapper in com.zxp.service.UserService required a bean of type 'com.zxp.mapper.UserMapper' that could not be found.


Action:

Consider defining a bean of type 'com.zxp.mapper.UserMapper' in your configuration.

2019-12-15 09:48:39.545|INFO ||c.z.SpringMainServer|Starting SpringMainServer on 276L1TOFFTS9ZKY with PID 5036 (E:\springcloudworkspace\SpringBootTest\target\classes started by Administrator in E:\springcloudworkspace\SpringBootTest)
2019-12-15 09:48:39.551|INFO ||c.z.SpringMainServer|No active profile set, falling back to default profiles: default
2019-12-15 09:48:39.674|INFO ||o.s.b.c.e.AnnotationConfigEmbeddedWebApplicationContext|Refreshing org.springframework.boot.context.embedded.AnnotationConfigEmbeddedWebApplicationContext@710c2b53: startup date [Sun Dec 15 09:48:39 CST 2019]; root of context hierarchy
2019-12-15 09:48:40.206|INFO ||o.h.v.i.u.Version|HV000001: Hibernate Validator 5.3.6.Final
2019-12-15 09:48:42.008|INFO ||o.s.b.c.e.t.TomcatEmbeddedServletContainer|Tomcat initialized with port(s): 8080 (http)
2019-12-15 09:48:42.027|INFO ||o.a.c.c.StandardService|Starting service [Tomcat]
2019-12-15 09:48:42.029|INFO ||o.a.c.c.StandardEngine|Starting Servlet Engine: Apache Tomcat/8.5.27
2019-12-15 09:48:42.224|INFO ||o.a.c.c.C.[.[.[/]|Initializing Spring embedded WebApplicationContext
2019-12-15 09:48:42.225|INFO ||o.s.w.c.ContextLoader|Root WebApplicationContext: initialization completed in 2551 ms
2019-12-15 09:48:42.635|INFO ||o.s.b.w.s.ServletRegistrationBean|Mapping servlet: 'dispatcherServlet' to [/]
2019-12-15 09:48:42.644|INFO ||o.s.b.w.s.FilterRegistrationBean|Mapping filter: 'characterEncodingFilter' to: [/*]
2019-12-15 09:48:42.645|INFO ||o.s.b.w.s.FilterRegistrationBean|Mapping filter: 'hiddenHttpMethodFilter' to: [/*]
2019-12-15 09:48:42.645|INFO ||o.s.b.w.s.FilterRegistrationBean|Mapping filter: 'httpPutFormContentFilter' to: [/*]
2019-12-15 09:48:42.645|INFO ||o.s.b.w.s.FilterRegistrationBean|Mapping filter: 'requestContextFilter' to: [/*]
2019-12-15 09:48:42.646|INFO ||o.s.b.w.s.FilterRegistrationBean|Mapping filter: 'TestFilter' to urls: [/*]
2019-12-15 09:48:42.778|WARN ||o.s.b.c.e.AnnotationConfigEmbeddedWebApplicationContext|Exception encountered during context initialization - cancelling refresh attempt: org.springframework.beans.factory.UnsatisfiedDependencyException: Error creating bean with name 'userControler': Unsatisfied dependency expressed through field 'userService'; nested exception is org.springframework.beans.factory.UnsatisfiedDependencyException: Error creating bean with name 'userService': Unsatisfied dependency expressed through field 'userMapper'; nested exception is org.springframework.beans.factory.NoSuchBeanDefinitionException: No qualifying bean of type 'com.zxp.mapper.UserMapper' available: expected at least 1 bean which qualifies as autowire candidate. Dependency annotations: {@org.springframework.beans.factory.annotation.Autowired(required=true)}
2019-12-15 09:48:42.782|INFO ||o.a.c.c.StandardService|Stopping service [Tomcat]
2019-12-15 09:48:42.805|INFO ||o.s.b.a.l.AutoConfigurationReportLoggingInitializer|

Error starting ApplicationContext. To display the auto-configuration report re-run your application with 'debug' enabled.
2019-12-15 09:48:42.981|ERROR||o.s.b.d.LoggingFailureAnalysisReporter|

***************************
APPLICATION FAILED TO START
***************************

Description:

Field userMapper in com.zxp.service.UserService required a bean of type 'com.zxp.mapper.UserMapper' that could not be found.


Action:

Consider defining a bean of type 'com.zxp.mapper.UserMapper' in your configuration.

2019-12-15 09:59:26.428|INFO ||c.z.SpringMainServer|Starting SpringMainServer on 276L1TOFFTS9ZKY with PID 3924 (E:\springcloudworkspace\SpringBootTest\target\classes started by Administrator in E:\springcloudworkspace\SpringBootTest)
2019-12-15 09:59:26.431|INFO ||c.z.SpringMainServer|No active profile set, falling back to default profiles: default
2019-12-15 09:59:26.871|INFO ||o.s.b.c.e.AnnotationConfigEmbeddedWebApplicationContext|Refreshing org.springframework.boot.context.embedded.AnnotationConfigEmbeddedWebApplicationContext@60611244: startup date [Sun Dec 15 09:59:26 CST 2019]; root of context hierarchy
2019-12-15 09:59:27.004|INFO ||o.h.v.i.u.Version|HV000001: Hibernate Validator 5.3.6.Final
2019-12-15 09:59:29.290|INFO ||o.s.b.c.e.t.TomcatEmbeddedServletContainer|Tomcat initialized with port(s): 8080 (http)
2019-12-15 09:59:29.312|INFO ||o.a.c.c.StandardService|Starting service [Tomcat]
2019-12-15 09:59:29.314|INFO ||o.a.c.c.StandardEngine|Starting Servlet Engine: Apache Tomcat/8.5.27
2019-12-15 09:59:29.490|INFO ||o.a.c.c.C.[.[.[/]|Initializing Spring embedded WebApplicationContext
2019-12-15 09:59:29.491|INFO ||o.s.w.c.ContextLoader|Root WebApplicationContext: initialization completed in 2620 ms
2019-12-15 09:59:29.695|INFO ||o.s.b.w.s.ServletRegistrationBean|Mapping servlet: 'dispatcherServlet' to [/]
2019-12-15 09:59:29.701|INFO ||o.s.b.w.s.FilterRegistrationBean|Mapping filter: 'characterEncodingFilter' to: [/*]
2019-12-15 09:59:29.702|INFO ||o.s.b.w.s.FilterRegistrationBean|Mapping filter: 'hiddenHttpMethodFilter' to: [/*]
2019-12-15 09:59:29.702|INFO ||o.s.b.w.s.FilterRegistrationBean|Mapping filter: 'httpPutFormContentFilter' to: [/*]
2019-12-15 09:59:29.702|INFO ||o.s.b.w.s.FilterRegistrationBean|Mapping filter: 'requestContextFilter' to: [/*]
2019-12-15 09:59:30.234|ERROR||o.m.s.m.MapperFactoryBean|Error while adding the mapper 'interface com.zxp.mapper.UserMapper' to configuration.
org.apache.ibatis.builder.BuilderException: Error parsing Mapper XML. Cause: org.apache.ibatis.builder.BuilderException: Wrong namespace. Expected 'com.zxp.mapper.UserMapper' but found 'com.zxp.mapper.UsersMapper'.
	at org.apache.ibatis.builder.xml.XMLMapperBuilder.configurationElement(XMLMapperBuilder.java:120)
	at org.apache.ibatis.builder.xml.XMLMapperBuilder.parse(XMLMapperBuilder.java:92)
	at org.apache.ibatis.builder.annotation.MapperAnnotationBuilder.loadXmlResource(MapperAnnotationBuilder.java:169)
	at org.apache.ibatis.builder.annotation.MapperAnnotationBuilder.parse(MapperAnnotationBuilder.java:120)
	at org.apache.ibatis.binding.MapperRegistry.addMapper(MapperRegistry.java:72)
	at org.apache.ibatis.session.Configuration.addMapper(Configuration.java:706)
	at org.mybatis.spring.mapper.MapperFactoryBean.checkDaoConfig(MapperFactoryBean.java:81)
	at org.springframework.dao.support.DaoSupport.afterPropertiesSet(DaoSupport.java:44)
	at org.springframework.beans.factory.support.AbstractAutowireCapableBeanFactory.invokeInitMethods(AbstractAutowireCapableBeanFactory.java:1687)
	at org.springframework.beans.factory.support.AbstractAutowireCapableBeanFactory.initializeBean(AbstractAutowireCapableBeanFactory.java:1624)
	at org.springframework.beans.factory.support.AbstractAutowireCapableBeanFactory.doCreateBean(AbstractAutowireCapableBeanFactory.java:555)
	at org.springframework.beans.factory.support.AbstractAutowireCapableBeanFactory.createBean(AbstractAutowireCapableBeanFactory.java:483)
	at org.springframework.beans.factory.support.AbstractBeanFactory$1.getObject(AbstractBeanFactory.java:306)
	at org.springframework.beans.factory.support.DefaultSingletonBeanRegistry.getSingleton(DefaultSingletonBeanRegistry.java:230)
	at org.springframework.beans.factory.support.AbstractBeanFactory.doGetBean(AbstractBeanFactory.java:302)
	at org.springframework.beans.factory.support.AbstractBeanFactory.getBean(AbstractBeanFactory.java:202)
	at org.springframework.beans.factory.config.DependencyDescriptor.resolveCandidate(DependencyDescriptor.java:208)
	at org.springframework.beans.factory.support.DefaultListableBeanFactory.doResolveDependency(DefaultListableBeanFactory.java:1138)
	at org.springframework.beans.factory.support.DefaultListableBeanFactory.resolveDependency(DefaultListableBeanFactory.java:1066)
	at org.springframework.beans.factory.annotation.AutowiredAnnotationBeanPostProcessor$AutowiredFieldElement.inject(AutowiredAnnotationBeanPostProcessor.java:585)
	at org.springframework.beans.factory.annotation.InjectionMetadata.inject(InjectionMetadata.java:88)
	at org.springframework.beans.factory.annotation.AutowiredAnnotationBeanPostProcessor.postProcessPropertyValues(AutowiredAnnotationBeanPostProcessor.java:366)
	at org.springframework.beans.factory.support.AbstractAutowireCapableBeanFactory.populateBean(AbstractAutowireCapableBeanFactory.java:1264)
	at org.springframework.beans.factory.support.AbstractAutowireCapableBeanFactory.doCreateBean(AbstractAutowireCapableBeanFactory.java:553)
	at org.springframework.beans.factory.support.AbstractAutowireCapableBeanFactory.createBean(AbstractAutowireCapableBeanFactory.java:483)
	at org.springframework.beans.factory.support.AbstractBeanFactory$1.getObject(AbstractBeanFactory.java:306)
	at org.springframework.beans.factory.support.DefaultSingletonBeanRegistry.getSingleton(DefaultSingletonBeanRegistry.java:230)
	at org.springframework.beans.factory.support.AbstractBeanFactory.doGetBean(AbstractBeanFactory.java:302)
	at org.springframework.beans.factory.support.AbstractBeanFactory.getBean(AbstractBeanFactory.java:202)
	at org.springframework.beans.factory.config.DependencyDescriptor.resolveCandidate(DependencyDescriptor.java:208)
	at org.springframework.beans.factory.support.DefaultListableBeanFactory.doResolveDependency(DefaultListableBeanFactory.java:1138)
	at org.springframework.beans.factory.support.DefaultListableBeanFactory.resolveDependency(DefaultListableBeanFactory.java:1066)
	at org.springframework.beans.factory.annotation.AutowiredAnnotationBeanPostProcessor$AutowiredFieldElement.inject(AutowiredAnnotationBeanPostProcessor.java:585)
	at org.springframework.beans.factory.annotation.InjectionMetadata.inject(InjectionMetadata.java:88)
	at org.springframework.beans.factory.annotation.AutowiredAnnotationBeanPostProcessor.postProcessPropertyValues(AutowiredAnnotationBeanPostProcessor.java:366)
	at org.springframework.beans.factory.support.AbstractAutowireCapableBeanFactory.populateBean(AbstractAutowireCapableBeanFactory.java:1264)
	at org.springframework.beans.factory.support.AbstractAutowireCapableBeanFactory.doCreateBean(AbstractAutowireCapableBeanFactory.java:553)
	at org.springframework.beans.factory.support.AbstractAutowireCapableBeanFactory.createBean(AbstractAutowireCapableBeanFactory.java:483)
	at org.springframework.beans.factory.support.AbstractBeanFactory$1.getObject(AbstractBeanFactory.java:306)
	at org.springframework.beans.factory.support.DefaultSingletonBeanRegistry.getSingleton(DefaultSingletonBeanRegistry.java:230)
	at org.springframework.beans.factory.support.AbstractBeanFactory.doGetBean(AbstractBeanFactory.java:302)
	at org.springframework.beans.factory.support.AbstractBeanFactory.getBean(AbstractBeanFactory.java:197)
	at org.springframework.beans.factory.support.DefaultListableBeanFactory.preInstantiateSingletons(DefaultListableBeanFactory.java:761)
	at org.springframework.context.support.AbstractApplicationContext.finishBeanFactoryInitialization(AbstractApplicationContext.java:867)
	at org.springframework.context.support.AbstractApplicationContext.refresh(AbstractApplicationContext.java:543)
	at org.springframework.boot.context.embedded.EmbeddedWebApplicationContext.refresh(EmbeddedWebApplicationContext.java:122)
	at org.springframework.boot.SpringApplication.refresh(SpringApplication.java:693)
	at org.springframework.boot.SpringApplication.refreshContext(SpringApplication.java:360)
	at org.springframework.boot.SpringApplication.run(SpringApplication.java:303)
	at org.springframework.boot.SpringApplication.run(SpringApplication.java:1118)
	at org.springframework.boot.SpringApplication.run(SpringApplication.java:1107)
	at com.zxp.SpringMainServer.main(SpringMainServer.java:17)
Caused by: org.apache.ibatis.builder.BuilderException: Wrong namespace. Expected 'com.zxp.mapper.UserMapper' but found 'com.zxp.mapper.UsersMapper'.
	at org.apache.ibatis.builder.MapperBuilderAssistant.setCurrentNamespace(MapperBuilderAssistant.java:78)
	at org.apache.ibatis.builder.xml.XMLMapperBuilder.configurationElement(XMLMapperBuilder.java:112)
	... 51 common frames omitted
2019-12-15 09:59:30.237|WARN ||o.s.b.c.e.AnnotationConfigEmbeddedWebApplicationContext|Exception encountered during context initialization - cancelling refresh attempt: org.springframework.beans.factory.UnsatisfiedDependencyException: Error creating bean with name 'userControler': Unsatisfied dependency expressed through field 'userService'; nested exception is org.springframework.beans.factory.UnsatisfiedDependencyException: Error creating bean with name 'userService': Unsatisfied dependency expressed through field 'userMapper'; nested exception is org.springframework.beans.factory.BeanCreationException: Error creating bean with name 'userMapper' defined in file [E:\springcloudworkspace\SpringBootTest\target\classes\com\zxp\mapper\UserMapper.class]: Invocation of init method failed; nested exception is java.lang.IllegalArgumentException: org.apache.ibatis.builder.BuilderException: Error parsing Mapper XML. Cause: org.apache.ibatis.builder.BuilderException: Wrong namespace. Expected 'com.zxp.mapper.UserMapper' but found 'com.zxp.mapper.UsersMapper'.
2019-12-15 09:59:30.241|INFO ||o.a.c.c.StandardService|Stopping service [Tomcat]
2019-12-15 09:59:30.292|INFO ||o.s.b.a.l.AutoConfigurationReportLoggingInitializer|

Error starting ApplicationContext. To display the auto-configuration report re-run your application with 'debug' enabled.
2019-12-15 09:59:30.299|ERROR||o.s.b.SpringApplication|Application startup failed
org.springframework.beans.factory.UnsatisfiedDependencyException: Error creating bean with name 'userControler': Unsatisfied dependency expressed through field 'userService'; nested exception is org.springframework.beans.factory.UnsatisfiedDependencyException: Error creating bean with name 'userService': Unsatisfied dependency expressed through field 'userMapper'; nested exception is org.springframework.beans.factory.BeanCreationException: Error creating bean with name 'userMapper' defined in file [E:\springcloudworkspace\SpringBootTest\target\classes\com\zxp\mapper\UserMapper.class]: Invocation of init method failed; nested exception is java.lang.IllegalArgumentException: org.apache.ibatis.builder.BuilderException: Error parsing Mapper XML. Cause: org.apache.ibatis.builder.BuilderException: Wrong namespace. Expected 'com.zxp.mapper.UserMapper' but found 'com.zxp.mapper.UsersMapper'.
	at org.springframework.beans.factory.annotation.AutowiredAnnotationBeanPostProcessor$AutowiredFieldElement.inject(AutowiredAnnotationBeanPostProcessor.java:588)
	at org.springframework.beans.factory.annotation.InjectionMetadata.inject(InjectionMetadata.java:88)
	at org.springframework.beans.factory.annotation.AutowiredAnnotationBeanPostProcessor.postProcessPropertyValues(AutowiredAnnotationBeanPostProcessor.java:366)
	at org.springframework.beans.factory.support.AbstractAutowireCapableBeanFactory.populateBean(AbstractAutowireCapableBeanFactory.java:1264)
	at org.springframework.beans.factory.support.AbstractAutowireCapableBeanFactory.doCreateBean(AbstractAutowireCapableBeanFactory.java:553)
	at org.springframework.beans.factory.support.AbstractAutowireCapableBeanFactory.createBean(AbstractAutowireCapableBeanFactory.java:483)
	at org.springframework.beans.factory.support.AbstractBeanFactory$1.getObject(AbstractBeanFactory.java:306)
	at org.springframework.beans.factory.support.DefaultSingletonBeanRegistry.getSingleton(DefaultSingletonBeanRegistry.java:230)
	at org.springframework.beans.factory.support.AbstractBeanFactory.doGetBean(AbstractBeanFactory.java:302)
	at org.springframework.beans.factory.support.AbstractBeanFactory.getBean(AbstractBeanFactory.java:197)
	at org.springframework.beans.factory.support.DefaultListableBeanFactory.preInstantiateSingletons(DefaultListableBeanFactory.java:761)
	at org.springframework.context.support.AbstractApplicationContext.finishBeanFactoryInitialization(AbstractApplicationContext.java:867)
	at org.springframework.context.support.AbstractApplicationContext.refresh(AbstractApplicationContext.java:543)
	at org.springframework.boot.context.embedded.EmbeddedWebApplicationContext.refresh(EmbeddedWebApplicationContext.java:122)
	at org.springframework.boot.SpringApplication.refresh(SpringApplication.java:693)
	at org.springframework.boot.SpringApplication.refreshContext(SpringApplication.java:360)
	at org.springframework.boot.SpringApplication.run(SpringApplication.java:303)
	at org.springframework.boot.SpringApplication.run(SpringApplication.java:1118)
	at org.springframework.boot.SpringApplication.run(SpringApplication.java:1107)
	at com.zxp.SpringMainServer.main(SpringMainServer.java:17)
Caused by: org.springframework.beans.factory.UnsatisfiedDependencyException: Error creating bean with name 'userService': Unsatisfied dependency expressed through field 'userMapper'; nested exception is org.springframework.beans.factory.BeanCreationException: Error creating bean with name 'userMapper' defined in file [E:\springcloudworkspace\SpringBootTest\target\classes\com\zxp\mapper\UserMapper.class]: Invocation of init method failed; nested exception is java.lang.IllegalArgumentException: org.apache.ibatis.builder.BuilderException: Error parsing Mapper XML. Cause: org.apache.ibatis.builder.BuilderException: Wrong namespace. Expected 'com.zxp.mapper.UserMapper' but found 'com.zxp.mapper.UsersMapper'.
	at org.springframework.beans.factory.annotation.AutowiredAnnotationBeanPostProcessor$AutowiredFieldElement.inject(AutowiredAnnotationBeanPostProcessor.java:588)
	at org.springframework.beans.factory.annotation.InjectionMetadata.inject(InjectionMetadata.java:88)
	at org.springframework.beans.factory.annotation.AutowiredAnnotationBeanPostProcessor.postProcessPropertyValues(AutowiredAnnotationBeanPostProcessor.java:366)
	at org.springframework.beans.factory.support.AbstractAutowireCapableBeanFactory.populateBean(AbstractAutowireCapableBeanFactory.java:1264)
	at org.springframework.beans.factory.support.AbstractAutowireCapableBeanFactory.doCreateBean(AbstractAutowireCapableBeanFactory.java:553)
	at org.springframework.beans.factory.support.AbstractAutowireCapableBeanFactory.createBean(AbstractAutowireCapableBeanFactory.java:483)
	at org.springframework.beans.factory.support.AbstractBeanFactory$1.getObject(AbstractBeanFactory.java:306)
	at org.springframework.beans.factory.support.DefaultSingletonBeanRegistry.getSingleton(DefaultSingletonBeanRegistry.java:230)
	at org.springframework.beans.factory.support.AbstractBeanFactory.doGetBean(AbstractBeanFactory.java:302)
	at org.springframework.beans.factory.support.AbstractBeanFactory.getBean(AbstractBeanFactory.java:202)
	at org.springframework.beans.factory.config.DependencyDescriptor.resolveCandidate(DependencyDescriptor.java:208)
	at org.springframework.beans.factory.support.DefaultListableBeanFactory.doResolveDependency(DefaultListableBeanFactory.java:1138)
	at org.springframework.beans.factory.support.DefaultListableBeanFactory.resolveDependency(DefaultListableBeanFactory.java:1066)
	at org.springframework.beans.factory.annotation.AutowiredAnnotationBeanPostProcessor$AutowiredFieldElement.inject(AutowiredAnnotationBeanPostProcessor.java:585)
	... 19 common frames omitted
Caused by: org.springframework.beans.factory.BeanCreationException: Error creating bean with name 'userMapper' defined in file [E:\springcloudworkspace\SpringBootTest\target\classes\com\zxp\mapper\UserMapper.class]: Invocation of init method failed; nested exception is java.lang.IllegalArgumentException: org.apache.ibatis.builder.BuilderException: Error parsing Mapper XML. Cause: org.apache.ibatis.builder.BuilderException: Wrong namespace. Expected 'com.zxp.mapper.UserMapper' but found 'com.zxp.mapper.UsersMapper'.
	at org.springframework.beans.factory.support.AbstractAutowireCapableBeanFactory.initializeBean(AbstractAutowireCapableBeanFactory.java:1628)
	at org.springframework.beans.factory.support.AbstractAutowireCapableBeanFactory.doCreateBean(AbstractAutowireCapableBeanFactory.java:555)
	at org.springframework.beans.factory.support.AbstractAutowireCapableBeanFactory.createBean(AbstractAutowireCapableBeanFactory.java:483)
	at org.springframework.beans.factory.support.AbstractBeanFactory$1.getObject(AbstractBeanFactory.java:306)
	at org.springframework.beans.factory.support.DefaultSingletonBeanRegistry.getSingleton(DefaultSingletonBeanRegistry.java:230)
	at org.springframework.beans.factory.support.AbstractBeanFactory.doGetBean(AbstractBeanFactory.java:302)
	at org.springframework.beans.factory.support.AbstractBeanFactory.getBean(AbstractBeanFactory.java:202)
	at org.springframework.beans.factory.config.DependencyDescriptor.resolveCandidate(DependencyDescriptor.java:208)
	at org.springframework.beans.factory.support.DefaultListableBeanFactory.doResolveDependency(DefaultListableBeanFactory.java:1138)
	at org.springframework.beans.factory.support.DefaultListableBeanFactory.resolveDependency(DefaultListableBeanFactory.java:1066)
	at org.springframework.beans.factory.annotation.AutowiredAnnotationBeanPostProcessor$AutowiredFieldElement.inject(AutowiredAnnotationBeanPostProcessor.java:585)
	... 32 common frames omitted
Caused by: java.lang.IllegalArgumentException: org.apache.ibatis.builder.BuilderException: Error parsing Mapper XML. Cause: org.apache.ibatis.builder.BuilderException: Wrong namespace. Expected 'com.zxp.mapper.UserMapper' but found 'com.zxp.mapper.UsersMapper'.
	at org.mybatis.spring.mapper.MapperFactoryBean.checkDaoConfig(MapperFactoryBean.java:84)
	at org.springframework.dao.support.DaoSupport.afterPropertiesSet(DaoSupport.java:44)
	at org.springframework.beans.factory.support.AbstractAutowireCapableBeanFactory.invokeInitMethods(AbstractAutowireCapableBeanFactory.java:1687)
	at org.springframework.beans.factory.support.AbstractAutowireCapableBeanFactory.initializeBean(AbstractAutowireCapableBeanFactory.java:1624)
	... 42 common frames omitted
Caused by: org.apache.ibatis.builder.BuilderException: Error parsing Mapper XML. Cause: org.apache.ibatis.builder.BuilderException: Wrong namespace. Expected 'com.zxp.mapper.UserMapper' but found 'com.zxp.mapper.UsersMapper'.
	at org.apache.ibatis.builder.xml.XMLMapperBuilder.configurationElement(XMLMapperBuilder.java:120)
	at org.apache.ibatis.builder.xml.XMLMapperBuilder.parse(XMLMapperBuilder.java:92)
	at org.apache.ibatis.builder.annotation.MapperAnnotationBuilder.loadXmlResource(MapperAnnotationBuilder.java:169)
	at org.apache.ibatis.builder.annotation.MapperAnnotationBuilder.parse(MapperAnnotationBuilder.java:120)
	at org.apache.ibatis.binding.MapperRegistry.addMapper(MapperRegistry.java:72)
	at org.apache.ibatis.session.Configuration.addMapper(Configuration.java:706)
	at org.mybatis.spring.mapper.MapperFactoryBean.checkDaoConfig(MapperFactoryBean.java:81)
	... 45 common frames omitted
Caused by: org.apache.ibatis.builder.BuilderException: Wrong namespace. Expected 'com.zxp.mapper.UserMapper' but found 'com.zxp.mapper.UsersMapper'.
	at org.apache.ibatis.builder.MapperBuilderAssistant.setCurrentNamespace(MapperBuilderAssistant.java:78)
	at org.apache.ibatis.builder.xml.XMLMapperBuilder.configurationElement(XMLMapperBuilder.java:112)
	... 51 common frames omitted
2019-12-15 10:01:36.555|INFO ||c.z.SpringMainServer|Starting SpringMainServer on 276L1TOFFTS9ZKY with PID 428 (E:\springcloudworkspace\SpringBootTest\target\classes started by Administrator in E:\springcloudworkspace\SpringBootTest)
2019-12-15 10:01:36.561|INFO ||c.z.SpringMainServer|No active profile set, falling back to default profiles: default
2019-12-15 10:01:37.115|INFO ||o.s.b.c.e.AnnotationConfigEmbeddedWebApplicationContext|Refreshing org.springframework.boot.context.embedded.AnnotationConfigEmbeddedWebApplicationContext@52f27fbd: startup date [Sun Dec 15 10:01:37 CST 2019]; root of context hierarchy
2019-12-15 10:01:37.163|INFO ||o.h.v.i.u.Version|HV000001: Hibernate Validator 5.3.6.Final
2019-12-15 10:01:39.825|INFO ||o.s.b.c.e.t.TomcatEmbeddedServletContainer|Tomcat initialized with port(s): 8080 (http)
2019-12-15 10:01:39.850|INFO ||o.a.c.c.StandardService|Starting service [Tomcat]
2019-12-15 10:01:39.852|INFO ||o.a.c.c.StandardEngine|Starting Servlet Engine: Apache Tomcat/8.5.27
2019-12-15 10:01:40.058|INFO ||o.a.c.c.C.[.[.[/]|Initializing Spring embedded WebApplicationContext
2019-12-15 10:01:40.059|INFO ||o.s.w.c.ContextLoader|Root WebApplicationContext: initialization completed in 2944 ms
2019-12-15 10:01:40.339|INFO ||o.s.b.w.s.ServletRegistrationBean|Mapping servlet: 'dispatcherServlet' to [/]
2019-12-15 10:01:40.347|INFO ||o.s.b.w.s.FilterRegistrationBean|Mapping filter: 'characterEncodingFilter' to: [/*]
2019-12-15 10:01:40.348|INFO ||o.s.b.w.s.FilterRegistrationBean|Mapping filter: 'hiddenHttpMethodFilter' to: [/*]
2019-12-15 10:01:40.348|INFO ||o.s.b.w.s.FilterRegistrationBean|Mapping filter: 'httpPutFormContentFilter' to: [/*]
2019-12-15 10:01:40.349|INFO ||o.s.b.w.s.FilterRegistrationBean|Mapping filter: 'requestContextFilter' to: [/*]
2019-12-15 10:01:40.966|ERROR||o.m.s.m.MapperFactoryBean|Error while adding the mapper 'interface com.zxp.mapper.UserMapper' to configuration.
org.apache.ibatis.builder.BuilderException: Error parsing Mapper XML. Cause: org.apache.ibatis.builder.BuilderException: Error resolving class. Cause: org.apache.ibatis.type.TypeException: Could not resolve type alias 'users'.  Cause: java.lang.ClassNotFoundException: Cannot find class: users
	at org.apache.ibatis.builder.xml.XMLMapperBuilder.configurationElement(XMLMapperBuilder.java:120)
	at org.apache.ibatis.builder.xml.XMLMapperBuilder.parse(XMLMapperBuilder.java:92)
	at org.apache.ibatis.builder.annotation.MapperAnnotationBuilder.loadXmlResource(MapperAnnotationBuilder.java:169)
	at org.apache.ibatis.builder.annotation.MapperAnnotationBuilder.parse(MapperAnnotationBuilder.java:120)
	at org.apache.ibatis.binding.MapperRegistry.addMapper(MapperRegistry.java:72)
	at org.apache.ibatis.session.Configuration.addMapper(Configuration.java:706)
	at org.mybatis.spring.mapper.MapperFactoryBean.checkDaoConfig(MapperFactoryBean.java:81)
	at org.springframework.dao.support.DaoSupport.afterPropertiesSet(DaoSupport.java:44)
	at org.springframework.beans.factory.support.AbstractAutowireCapableBeanFactory.invokeInitMethods(AbstractAutowireCapableBeanFactory.java:1687)
	at org.springframework.beans.factory.support.AbstractAutowireCapableBeanFactory.initializeBean(AbstractAutowireCapableBeanFactory.java:1624)
	at org.springframework.beans.factory.support.AbstractAutowireCapableBeanFactory.doCreateBean(AbstractAutowireCapableBeanFactory.java:555)
	at org.springframework.beans.factory.support.AbstractAutowireCapableBeanFactory.createBean(AbstractAutowireCapableBeanFactory.java:483)
	at org.springframework.beans.factory.support.AbstractBeanFactory$1.getObject(AbstractBeanFactory.java:306)
	at org.springframework.beans.factory.support.DefaultSingletonBeanRegistry.getSingleton(DefaultSingletonBeanRegistry.java:230)
	at org.springframework.beans.factory.support.AbstractBeanFactory.doGetBean(AbstractBeanFactory.java:302)
	at org.springframework.beans.factory.support.AbstractBeanFactory.getBean(AbstractBeanFactory.java:202)
	at org.springframework.beans.factory.config.DependencyDescriptor.resolveCandidate(DependencyDescriptor.java:208)
	at org.springframework.beans.factory.support.DefaultListableBeanFactory.doResolveDependency(DefaultListableBeanFactory.java:1138)
	at org.springframework.beans.factory.support.DefaultListableBeanFactory.resolveDependency(DefaultListableBeanFactory.java:1066)
	at org.springframework.beans.factory.annotation.AutowiredAnnotationBeanPostProcessor$AutowiredFieldElement.inject(AutowiredAnnotationBeanPostProcessor.java:585)
	at org.springframework.beans.factory.annotation.InjectionMetadata.inject(InjectionMetadata.java:88)
	at org.springframework.beans.factory.annotation.AutowiredAnnotationBeanPostProcessor.postProcessPropertyValues(AutowiredAnnotationBeanPostProcessor.java:366)
	at org.springframework.beans.factory.support.AbstractAutowireCapableBeanFactory.populateBean(AbstractAutowireCapableBeanFactory.java:1264)
	at org.springframework.beans.factory.support.AbstractAutowireCapableBeanFactory.doCreateBean(AbstractAutowireCapableBeanFactory.java:553)
	at org.springframework.beans.factory.support.AbstractAutowireCapableBeanFactory.createBean(AbstractAutowireCapableBeanFactory.java:483)
	at org.springframework.beans.factory.support.AbstractBeanFactory$1.getObject(AbstractBeanFactory.java:306)
	at org.springframework.beans.factory.support.DefaultSingletonBeanRegistry.getSingleton(DefaultSingletonBeanRegistry.java:230)
	at org.springframework.beans.factory.support.AbstractBeanFactory.doGetBean(AbstractBeanFactory.java:302)
	at org.springframework.beans.factory.support.AbstractBeanFactory.getBean(AbstractBeanFactory.java:202)
	at org.springframework.beans.factory.config.DependencyDescriptor.resolveCandidate(DependencyDescriptor.java:208)
	at org.springframework.beans.factory.support.DefaultListableBeanFactory.doResolveDependency(DefaultListableBeanFactory.java:1138)
	at org.springframework.beans.factory.support.DefaultListableBeanFactory.resolveDependency(DefaultListableBeanFactory.java:1066)
	at org.springframework.beans.factory.annotation.AutowiredAnnotationBeanPostProcessor$AutowiredFieldElement.inject(AutowiredAnnotationBeanPostProcessor.java:585)
	at org.springframework.beans.factory.annotation.InjectionMetadata.inject(InjectionMetadata.java:88)
	at org.springframework.beans.factory.annotation.AutowiredAnnotationBeanPostProcessor.postProcessPropertyValues(AutowiredAnnotationBeanPostProcessor.java:366)
	at org.springframework.beans.factory.support.AbstractAutowireCapableBeanFactory.populateBean(AbstractAutowireCapableBeanFactory.java:1264)
	at org.springframework.beans.factory.support.AbstractAutowireCapableBeanFactory.doCreateBean(AbstractAutowireCapableBeanFactory.java:553)
	at org.springframework.beans.factory.support.AbstractAutowireCapableBeanFactory.createBean(AbstractAutowireCapableBeanFactory.java:483)
	at org.springframework.beans.factory.support.AbstractBeanFactory$1.getObject(AbstractBeanFactory.java:306)
	at org.springframework.beans.factory.support.DefaultSingletonBeanRegistry.getSingleton(DefaultSingletonBeanRegistry.java:230)
	at org.springframework.beans.factory.support.AbstractBeanFactory.doGetBean(AbstractBeanFactory.java:302)
	at org.springframework.beans.factory.support.AbstractBeanFactory.getBean(AbstractBeanFactory.java:197)
	at org.springframework.beans.factory.support.DefaultListableBeanFactory.preInstantiateSingletons(DefaultListableBeanFactory.java:761)
	at org.springframework.context.support.AbstractApplicationContext.finishBeanFactoryInitialization(AbstractApplicationContext.java:867)
	at org.springframework.context.support.AbstractApplicationContext.refresh(AbstractApplicationContext.java:543)
	at org.springframework.boot.context.embedded.EmbeddedWebApplicationContext.refresh(EmbeddedWebApplicationContext.java:122)
	at org.springframework.boot.SpringApplication.refresh(SpringApplication.java:693)
	at org.springframework.boot.SpringApplication.refreshContext(SpringApplication.java:360)
	at org.springframework.boot.SpringApplication.run(SpringApplication.java:303)
	at org.springframework.boot.SpringApplication.run(SpringApplication.java:1118)
	at org.springframework.boot.SpringApplication.run(SpringApplication.java:1107)
	at com.zxp.SpringMainServer.main(SpringMainServer.java:17)
Caused by: org.apache.ibatis.builder.BuilderException: Error resolving class. Cause: org.apache.ibatis.type.TypeException: Could not resolve type alias 'users'.  Cause: java.lang.ClassNotFoundException: Cannot find class: users
	at org.apache.ibatis.builder.BaseBuilder.resolveClass(BaseBuilder.java:118)
	at org.apache.ibatis.builder.xml.XMLStatementBuilder.parseStatementNode(XMLStatementBuilder.java:68)
	at org.apache.ibatis.builder.xml.XMLMapperBuilder.buildStatementFromContext(XMLMapperBuilder.java:135)
	at org.apache.ibatis.builder.xml.XMLMapperBuilder.buildStatementFromContext(XMLMapperBuilder.java:128)
	at org.apache.ibatis.builder.xml.XMLMapperBuilder.configurationElement(XMLMapperBuilder.java:118)
	... 51 common frames omitted
Caused by: org.apache.ibatis.type.TypeException: Could not resolve type alias 'users'.  Cause: java.lang.ClassNotFoundException: Cannot find class: users
	at org.apache.ibatis.type.TypeAliasRegistry.resolveAlias(TypeAliasRegistry.java:120)
	at org.apache.ibatis.builder.BaseBuilder.resolveAlias(BaseBuilder.java:149)
	at org.apache.ibatis.builder.BaseBuilder.resolveClass(BaseBuilder.java:116)
	... 55 common frames omitted
Caused by: java.lang.ClassNotFoundException: Cannot find class: users
	at org.apache.ibatis.io.ClassLoaderWrapper.classForName(ClassLoaderWrapper.java:200)
	at org.apache.ibatis.io.ClassLoaderWrapper.classForName(ClassLoaderWrapper.java:89)
	at org.apache.ibatis.io.Resources.classForName(Resources.java:261)
	at org.apache.ibatis.type.TypeAliasRegistry.resolveAlias(TypeAliasRegistry.java:116)
	... 57 common frames omitted
2019-12-15 10:01:40.969|WARN ||o.s.b.c.e.AnnotationConfigEmbeddedWebApplicationContext|Exception encountered during context initialization - cancelling refresh attempt: org.springframework.beans.factory.UnsatisfiedDependencyException: Error creating bean with name 'userControler': Unsatisfied dependency expressed through field 'userService'; nested exception is org.springframework.beans.factory.UnsatisfiedDependencyException: Error creating bean with name 'userService': Unsatisfied dependency expressed through field 'userMapper'; nested exception is org.springframework.beans.factory.BeanCreationException: Error creating bean with name 'userMapper' defined in file [E:\springcloudworkspace\SpringBootTest\target\classes\com\zxp\mapper\UserMapper.class]: Invocation of init method failed; nested exception is java.lang.IllegalArgumentException: org.apache.ibatis.builder.BuilderException: Error parsing Mapper XML. Cause: org.apache.ibatis.builder.BuilderException: Error resolving class. Cause: org.apache.ibatis.type.TypeException: Could not resolve type alias 'users'.  Cause: java.lang.ClassNotFoundException: Cannot find class: users
2019-12-15 10:01:40.983|INFO ||o.a.c.c.StandardService|Stopping service [Tomcat]
2019-12-15 10:01:41.030|INFO ||o.s.b.a.l.AutoConfigurationReportLoggingInitializer|

Error starting ApplicationContext. To display the auto-configuration report re-run your application with 'debug' enabled.
2019-12-15 10:01:41.038|ERROR||o.s.b.SpringApplication|Application startup failed
org.springframework.beans.factory.UnsatisfiedDependencyException: Error creating bean with name 'userControler': Unsatisfied dependency expressed through field 'userService'; nested exception is org.springframework.beans.factory.UnsatisfiedDependencyException: Error creating bean with name 'userService': Unsatisfied dependency expressed through field 'userMapper'; nested exception is org.springframework.beans.factory.BeanCreationException: Error creating bean with name 'userMapper' defined in file [E:\springcloudworkspace\SpringBootTest\target\classes\com\zxp\mapper\UserMapper.class]: Invocation of init method failed; nested exception is java.lang.IllegalArgumentException: org.apache.ibatis.builder.BuilderException: Error parsing Mapper XML. Cause: org.apache.ibatis.builder.BuilderException: Error resolving class. Cause: org.apache.ibatis.type.TypeException: Could not resolve type alias 'users'.  Cause: java.lang.ClassNotFoundException: Cannot find class: users
	at org.springframework.beans.factory.annotation.AutowiredAnnotationBeanPostProcessor$AutowiredFieldElement.inject(AutowiredAnnotationBeanPostProcessor.java:588)
	at org.springframework.beans.factory.annotation.InjectionMetadata.inject(InjectionMetadata.java:88)
	at org.springframework.beans.factory.annotation.AutowiredAnnotationBeanPostProcessor.postProcessPropertyValues(AutowiredAnnotationBeanPostProcessor.java:366)
	at org.springframework.beans.factory.support.AbstractAutowireCapableBeanFactory.populateBean(AbstractAutowireCapableBeanFactory.java:1264)
	at org.springframework.beans.factory.support.AbstractAutowireCapableBeanFactory.doCreateBean(AbstractAutowireCapableBeanFactory.java:553)
	at org.springframework.beans.factory.support.AbstractAutowireCapableBeanFactory.createBean(AbstractAutowireCapableBeanFactory.java:483)
	at org.springframework.beans.factory.support.AbstractBeanFactory$1.getObject(AbstractBeanFactory.java:306)
	at org.springframework.beans.factory.support.DefaultSingletonBeanRegistry.getSingleton(DefaultSingletonBeanRegistry.java:230)
	at org.springframework.beans.factory.support.AbstractBeanFactory.doGetBean(AbstractBeanFactory.java:302)
	at org.springframework.beans.factory.support.AbstractBeanFactory.getBean(AbstractBeanFactory.java:197)
	at org.springframework.beans.factory.support.DefaultListableBeanFactory.preInstantiateSingletons(DefaultListableBeanFactory.java:761)
	at org.springframework.context.support.AbstractApplicationContext.finishBeanFactoryInitialization(AbstractApplicationContext.java:867)
	at org.springframework.context.support.AbstractApplicationContext.refresh(AbstractApplicationContext.java:543)
	at org.springframework.boot.context.embedded.EmbeddedWebApplicationContext.refresh(EmbeddedWebApplicationContext.java:122)
	at org.springframework.boot.SpringApplication.refresh(SpringApplication.java:693)
	at org.springframework.boot.SpringApplication.refreshContext(SpringApplication.java:360)
	at org.springframework.boot.SpringApplication.run(SpringApplication.java:303)
	at org.springframework.boot.SpringApplication.run(SpringApplication.java:1118)
	at org.springframework.boot.SpringApplication.run(SpringApplication.java:1107)
	at com.zxp.SpringMainServer.main(SpringMainServer.java:17)
Caused by: org.springframework.beans.factory.UnsatisfiedDependencyException: Error creating bean with name 'userService': Unsatisfied dependency expressed through field 'userMapper'; nested exception is org.springframework.beans.factory.BeanCreationException: Error creating bean with name 'userMapper' defined in file [E:\springcloudworkspace\SpringBootTest\target\classes\com\zxp\mapper\UserMapper.class]: Invocation of init method failed; nested exception is java.lang.IllegalArgumentException: org.apache.ibatis.builder.BuilderException: Error parsing Mapper XML. Cause: org.apache.ibatis.builder.BuilderException: Error resolving class. Cause: org.apache.ibatis.type.TypeException: Could not resolve type alias 'users'.  Cause: java.lang.ClassNotFoundException: Cannot find class: users
	at org.springframework.beans.factory.annotation.AutowiredAnnotationBeanPostProcessor$AutowiredFieldElement.inject(AutowiredAnnotationBeanPostProcessor.java:588)
	at org.springframework.beans.factory.annotation.InjectionMetadata.inject(InjectionMetadata.java:88)
	at org.springframework.beans.factory.annotation.AutowiredAnnotationBeanPostProcessor.postProcessPropertyValues(AutowiredAnnotationBeanPostProcessor.java:366)
	at org.springframework.beans.factory.support.AbstractAutowireCapableBeanFactory.populateBean(AbstractAutowireCapableBeanFactory.java:1264)
	at org.springframework.beans.factory.support.AbstractAutowireCapableBeanFactory.doCreateBean(AbstractAutowireCapableBeanFactory.java:553)
	at org.springframework.beans.factory.support.AbstractAutowireCapableBeanFactory.createBean(AbstractAutowireCapableBeanFactory.java:483)
	at org.springframework.beans.factory.support.AbstractBeanFactory$1.getObject(AbstractBeanFactory.java:306)
	at org.springframework.beans.factory.support.DefaultSingletonBeanRegistry.getSingleton(DefaultSingletonBeanRegistry.java:230)
	at org.springframework.beans.factory.support.AbstractBeanFactory.doGetBean(AbstractBeanFactory.java:302)
	at org.springframework.beans.factory.support.AbstractBeanFactory.getBean(AbstractBeanFactory.java:202)
	at org.springframework.beans.factory.config.DependencyDescriptor.resolveCandidate(DependencyDescriptor.java:208)
	at org.springframework.beans.factory.support.DefaultListableBeanFactory.doResolveDependency(DefaultListableBeanFactory.java:1138)
	at org.springframework.beans.factory.support.DefaultListableBeanFactory.resolveDependency(DefaultListableBeanFactory.java:1066)
	at org.springframework.beans.factory.annotation.AutowiredAnnotationBeanPostProcessor$AutowiredFieldElement.inject(AutowiredAnnotationBeanPostProcessor.java:585)
	... 19 common frames omitted
Caused by: org.springframework.beans.factory.BeanCreationException: Error creating bean with name 'userMapper' defined in file [E:\springcloudworkspace\SpringBootTest\target\classes\com\zxp\mapper\UserMapper.class]: Invocation of init method failed; nested exception is java.lang.IllegalArgumentException: org.apache.ibatis.builder.BuilderException: Error parsing Mapper XML. Cause: org.apache.ibatis.builder.BuilderException: Error resolving class. Cause: org.apache.ibatis.type.TypeException: Could not resolve type alias 'users'.  Cause: java.lang.ClassNotFoundException: Cannot find class: users
	at org.springframework.beans.factory.support.AbstractAutowireCapableBeanFactory.initializeBean(AbstractAutowireCapableBeanFactory.java:1628)
	at org.springframework.beans.factory.support.AbstractAutowireCapableBeanFactory.doCreateBean(AbstractAutowireCapableBeanFactory.java:555)
	at org.springframework.beans.factory.support.AbstractAutowireCapableBeanFactory.createBean(AbstractAutowireCapableBeanFactory.java:483)
	at org.springframework.beans.factory.support.AbstractBeanFactory$1.getObject(AbstractBeanFactory.java:306)
	at org.springframework.beans.factory.support.DefaultSingletonBeanRegistry.getSingleton(DefaultSingletonBeanRegistry.java:230)
	at org.springframework.beans.factory.support.AbstractBeanFactory.doGetBean(AbstractBeanFactory.java:302)
	at org.springframework.beans.factory.support.AbstractBeanFactory.getBean(AbstractBeanFactory.java:202)
	at org.springframework.beans.factory.config.DependencyDescriptor.resolveCandidate(DependencyDescriptor.java:208)
	at org.springframework.beans.factory.support.DefaultListableBeanFactory.doResolveDependency(DefaultListableBeanFactory.java:1138)
	at org.springframework.beans.factory.support.DefaultListableBeanFactory.resolveDependency(DefaultListableBeanFactory.java:1066)
	at org.springframework.beans.factory.annotation.AutowiredAnnotationBeanPostProcessor$AutowiredFieldElement.inject(AutowiredAnnotationBeanPostProcessor.java:585)
	... 32 common frames omitted
Caused by: java.lang.IllegalArgumentException: org.apache.ibatis.builder.BuilderException: Error parsing Mapper XML. Cause: org.apache.ibatis.builder.BuilderException: Error resolving class. Cause: org.apache.ibatis.type.TypeException: Could not resolve type alias 'users'.  Cause: java.lang.ClassNotFoundException: Cannot find class: users
	at org.mybatis.spring.mapper.MapperFactoryBean.checkDaoConfig(MapperFactoryBean.java:84)
	at org.springframework.dao.support.DaoSupport.afterPropertiesSet(DaoSupport.java:44)
	at org.springframework.beans.factory.support.AbstractAutowireCapableBeanFactory.invokeInitMethods(AbstractAutowireCapableBeanFactory.java:1687)
	at org.springframework.beans.factory.support.AbstractAutowireCapableBeanFactory.initializeBean(AbstractAutowireCapableBeanFactory.java:1624)
	... 42 common frames omitted
Caused by: org.apache.ibatis.builder.BuilderException: Error parsing Mapper XML. Cause: org.apache.ibatis.builder.BuilderException: Error resolving class. Cause: org.apache.ibatis.type.TypeException: Could not resolve type alias 'users'.  Cause: java.lang.ClassNotFoundException: Cannot find class: users
	at org.apache.ibatis.builder.xml.XMLMapperBuilder.configurationElement(XMLMapperBuilder.java:120)
	at org.apache.ibatis.builder.xml.XMLMapperBuilder.parse(XMLMapperBuilder.java:92)
	at org.apache.ibatis.builder.annotation.MapperAnnotationBuilder.loadXmlResource(MapperAnnotationBuilder.java:169)
	at org.apache.ibatis.builder.annotation.MapperAnnotationBuilder.parse(MapperAnnotationBuilder.java:120)
	at org.apache.ibatis.binding.MapperRegistry.addMapper(MapperRegistry.java:72)
	at org.apache.ibatis.session.Configuration.addMapper(Configuration.java:706)
	at org.mybatis.spring.mapper.MapperFactoryBean.checkDaoConfig(MapperFactoryBean.java:81)
	... 45 common frames omitted
Caused by: org.apache.ibatis.builder.BuilderException: Error resolving class. Cause: org.apache.ibatis.type.TypeException: Could not resolve type alias 'users'.  Cause: java.lang.ClassNotFoundException: Cannot find class: users
	at org.apache.ibatis.builder.BaseBuilder.resolveClass(BaseBuilder.java:118)
	at org.apache.ibatis.builder.xml.XMLStatementBuilder.parseStatementNode(XMLStatementBuilder.java:68)
	at org.apache.ibatis.builder.xml.XMLMapperBuilder.buildStatementFromContext(XMLMapperBuilder.java:135)
	at org.apache.ibatis.builder.xml.XMLMapperBuilder.buildStatementFromContext(XMLMapperBuilder.java:128)
	at org.apache.ibatis.builder.xml.XMLMapperBuilder.configurationElement(XMLMapperBuilder.java:118)
	... 51 common frames omitted
Caused by: org.apache.ibatis.type.TypeException: Could not resolve type alias 'users'.  Cause: java.lang.ClassNotFoundException: Cannot find class: users
	at org.apache.ibatis.type.TypeAliasRegistry.resolveAlias(TypeAliasRegistry.java:120)
	at org.apache.ibatis.builder.BaseBuilder.resolveAlias(BaseBuilder.java:149)
	at org.apache.ibatis.builder.BaseBuilder.resolveClass(BaseBuilder.java:116)
	... 55 common frames omitted
Caused by: java.lang.ClassNotFoundException: Cannot find class: users
	at org.apache.ibatis.io.ClassLoaderWrapper.classForName(ClassLoaderWrapper.java:200)
	at org.apache.ibatis.io.ClassLoaderWrapper.classForName(ClassLoaderWrapper.java:89)
	at org.apache.ibatis.io.Resources.classForName(Resources.java:261)
	at org.apache.ibatis.type.TypeAliasRegistry.resolveAlias(TypeAliasRegistry.java:116)
	... 57 common frames omitted
2019-12-15 10:04:07.612|INFO ||c.z.SpringMainServer|Starting SpringMainServer on 276L1TOFFTS9ZKY with PID 4756 (E:\springcloudworkspace\SpringBootTest\target\classes started by Administrator in E:\springcloudworkspace\SpringBootTest)
2019-12-15 10:04:07.619|INFO ||c.z.SpringMainServer|No active profile set, falling back to default profiles: default
2019-12-15 10:04:08.129|INFO ||o.s.b.c.e.AnnotationConfigEmbeddedWebApplicationContext|Refreshing org.springframework.boot.context.embedded.AnnotationConfigEmbeddedWebApplicationContext@52f27fbd: startup date [Sun Dec 15 10:04:08 CST 2019]; root of context hierarchy
2019-12-15 10:04:08.294|INFO ||o.h.v.i.u.Version|HV000001: Hibernate Validator 5.3.6.Final
2019-12-15 10:04:10.726|INFO ||o.s.b.c.e.t.TomcatEmbeddedServletContainer|Tomcat initialized with port(s): 8080 (http)
2019-12-15 10:04:10.751|INFO ||o.a.c.c.StandardService|Starting service [Tomcat]
2019-12-15 10:04:10.753|INFO ||o.a.c.c.StandardEngine|Starting Servlet Engine: Apache Tomcat/8.5.27
2019-12-15 10:04:10.929|INFO ||o.a.c.c.C.[.[.[/]|Initializing Spring embedded WebApplicationContext
2019-12-15 10:04:10.930|INFO ||o.s.w.c.ContextLoader|Root WebApplicationContext: initialization completed in 2801 ms
2019-12-15 10:04:11.213|INFO ||o.s.b.w.s.ServletRegistrationBean|Mapping servlet: 'dispatcherServlet' to [/]
2019-12-15 10:04:11.220|INFO ||o.s.b.w.s.FilterRegistrationBean|Mapping filter: 'characterEncodingFilter' to: [/*]
2019-12-15 10:04:11.220|INFO ||o.s.b.w.s.FilterRegistrationBean|Mapping filter: 'hiddenHttpMethodFilter' to: [/*]
2019-12-15 10:04:11.220|INFO ||o.s.b.w.s.FilterRegistrationBean|Mapping filter: 'httpPutFormContentFilter' to: [/*]
2019-12-15 10:04:11.221|INFO ||o.s.b.w.s.FilterRegistrationBean|Mapping filter: 'requestContextFilter' to: [/*]
2019-12-15 10:04:12.422|INFO ||o.s.w.s.m.m.a.RequestMappingHandlerAdapter|Looking for @ControllerAdvice: org.springframework.boot.context.embedded.AnnotationConfigEmbeddedWebApplicationContext@52f27fbd: startup date [Sun Dec 15 10:04:08 CST 2019]; root of context hierarchy
2019-12-15 10:04:12.845|INFO ||o.s.w.s.m.m.a.RequestMappingHandlerMapping|Mapped "{[/fileUpload]}" onto public java.util.Map<java.lang.String, java.lang.Object> com.zxp.controler.FileUploadControler.fileUpload(org.springframework.web.multipart.MultipartFile) throws java.lang.IllegalStateException,java.io.IOException
2019-12-15 10:04:12.847|INFO ||o.s.w.s.m.m.a.RequestMappingHandlerMapping|Mapped "{[/hello]}" onto public java.util.Map<java.lang.String, java.lang.Object> com.zxp.controler.HelloControler.showHelloWorld()
2019-12-15 10:04:12.853|INFO ||o.s.w.s.m.m.a.RequestMappingHandlerMapping|Mapped "{[/user/get],methods=[GET]}" onto public java.util.List<com.zxp.po.User> com.zxp.controler.UserControler.getUserList()
2019-12-15 10:04:12.857|INFO ||o.s.w.s.m.m.a.RequestMappingHandlerMapping|Mapped "{[/error]}" onto public org.springframework.http.ResponseEntity<java.util.Map<java.lang.String, java.lang.Object>> org.springframework.boot.autoconfigure.web.BasicErrorController.error(javax.servlet.http.HttpServletRequest)
2019-12-15 10:04:12.858|INFO ||o.s.w.s.m.m.a.RequestMappingHandlerMapping|Mapped "{[/error],produces=[text/html]}" onto public org.springframework.web.servlet.ModelAndView org.springframework.boot.autoconfigure.web.BasicErrorController.errorHtml(javax.servlet.http.HttpServletRequest,javax.servlet.http.HttpServletResponse)
2019-12-15 10:04:12.933|INFO ||o.s.w.s.h.SimpleUrlHandlerMapping|Mapped URL path [/webjars/**] onto handler of type [class org.springframework.web.servlet.resource.ResourceHttpRequestHandler]
2019-12-15 10:04:12.934|INFO ||o.s.w.s.h.SimpleUrlHandlerMapping|Mapped URL path [/**] onto handler of type [class org.springframework.web.servlet.resource.ResourceHttpRequestHandler]
2019-12-15 10:04:13.024|INFO ||o.s.w.s.h.SimpleUrlHandlerMapping|Mapped URL path [/**/favicon.ico] onto handler of type [class org.springframework.web.servlet.resource.ResourceHttpRequestHandler]
2019-12-15 10:04:13.111|WARN ||o.t.t.TemplateMode|[THYMELEAF][main] Template Mode 'HTML5' is deprecated. Using Template Mode 'HTML' instead.
2019-12-15 10:04:13.704|INFO ||o.s.b.a.w.WebMvcAutoConfiguration$WelcomePageHandlerMapping|Adding welcome page: ServletContext resource [/index.html]
2019-12-15 10:04:14.427|INFO ||o.s.j.e.a.AnnotationMBeanExporter|Registering beans for JMX exposure on startup
2019-12-15 10:04:14.429|INFO ||o.s.j.e.a.AnnotationMBeanExporter|Bean with name 'dataSource' has been autodetected for JMX exposure
2019-12-15 10:04:14.436|INFO ||o.s.j.e.a.AnnotationMBeanExporter|Located MBean 'dataSource': registering with JMX server as MBean [com.alibaba.druid.pool:name=dataSource,type=DruidDataSource]
2019-12-15 10:04:14.461|INFO ||o.a.c.h.Http11NioProtocol|Initializing ProtocolHandler ["http-nio-8080"]
2019-12-15 10:04:14.482|INFO ||o.a.c.h.Http11NioProtocol|Starting ProtocolHandler ["http-nio-8080"]
2019-12-15 10:04:14.499|INFO ||o.a.t.u.n.NioSelectorPool|Using a shared selector for servlet write/read
2019-12-15 10:04:14.540|INFO ||o.s.b.c.e.t.TomcatEmbeddedServletContainer|Tomcat started on port(s): 8080 (http)
2019-12-15 10:04:14.552|INFO ||c.z.SpringMainServer|Started SpringMainServer in 7.366 seconds (JVM running for 8.168)
2019-12-15 10:36:09.121|INFO ||c.z.SpringMainServer|Starting SpringMainServer on 276L1TOFFTS9ZKY with PID 1288 (E:\springcloudworkspace\SpringBootTest\target\classes started by Administrator in E:\springcloudworkspace\SpringBootTest)
2019-12-15 10:36:09.131|INFO ||c.z.SpringMainServer|No active profile set, falling back to default profiles: default
2019-12-15 10:36:09.718|INFO ||o.h.v.i.u.Version|HV000001: Hibernate Validator 5.3.6.Final
2019-12-15 10:36:09.728|INFO ||o.s.b.c.e.AnnotationConfigEmbeddedWebApplicationContext|Refreshing org.springframework.boot.context.embedded.AnnotationConfigEmbeddedWebApplicationContext@52f27fbd: startup date [Sun Dec 15 10:36:09 CST 2019]; root of context hierarchy
2019-12-15 10:36:12.331|INFO ||o.s.b.c.e.t.TomcatEmbeddedServletContainer|Tomcat initialized with port(s): 8080 (http)
2019-12-15 10:36:12.349|INFO ||o.a.c.c.StandardService|Starting service [Tomcat]
2019-12-15 10:36:12.352|INFO ||o.a.c.c.StandardEngine|Starting Servlet Engine: Apache Tomcat/8.5.27
2019-12-15 10:36:12.533|INFO ||o.a.c.c.C.[.[.[/]|Initializing Spring embedded WebApplicationContext
2019-12-15 10:36:12.534|INFO ||o.s.w.c.ContextLoader|Root WebApplicationContext: initialization completed in 2806 ms
2019-12-15 10:36:12.840|INFO ||o.s.b.w.s.ServletRegistrationBean|Mapping servlet: 'dispatcherServlet' to [/]
2019-12-15 10:36:12.848|INFO ||o.s.b.w.s.FilterRegistrationBean|Mapping filter: 'characterEncodingFilter' to: [/*]
2019-12-15 10:36:12.849|INFO ||o.s.b.w.s.FilterRegistrationBean|Mapping filter: 'hiddenHttpMethodFilter' to: [/*]
2019-12-15 10:36:12.849|INFO ||o.s.b.w.s.FilterRegistrationBean|Mapping filter: 'httpPutFormContentFilter' to: [/*]
2019-12-15 10:36:12.850|INFO ||o.s.b.w.s.FilterRegistrationBean|Mapping filter: 'requestContextFilter' to: [/*]
2019-12-15 10:36:14.225|INFO ||o.s.w.s.m.m.a.RequestMappingHandlerAdapter|Looking for @ControllerAdvice: org.springframework.boot.context.embedded.AnnotationConfigEmbeddedWebApplicationContext@52f27fbd: startup date [Sun Dec 15 10:36:09 CST 2019]; root of context hierarchy
2019-12-15 10:36:14.512|INFO ||o.s.w.s.m.m.a.RequestMappingHandlerMapping|Mapped "{[/fileUpload]}" onto public java.util.Map<java.lang.String, java.lang.Object> com.zxp.controler.FileUploadControler.fileUpload(org.springframework.web.multipart.MultipartFile) throws java.lang.IllegalStateException,java.io.IOException
2019-12-15 10:36:14.514|INFO ||o.s.w.s.m.m.a.RequestMappingHandlerMapping|Mapped "{[/hello]}" onto public java.util.Map<java.lang.String, java.lang.Object> com.zxp.controler.HelloControler.showHelloWorld()
2019-12-15 10:36:14.523|INFO ||o.s.w.s.m.m.a.RequestMappingHandlerMapping|Mapped "{[/user/getall],methods=[GET]}" onto public java.util.List<com.zxp.po.User> com.zxp.controler.UserControler.getUserList()
2019-12-15 10:36:14.528|INFO ||o.s.w.s.m.m.a.RequestMappingHandlerMapping|Mapped "{[/error]}" onto public org.springframework.http.ResponseEntity<java.util.Map<java.lang.String, java.lang.Object>> org.springframework.boot.autoconfigure.web.BasicErrorController.error(javax.servlet.http.HttpServletRequest)
2019-12-15 10:36:14.529|INFO ||o.s.w.s.m.m.a.RequestMappingHandlerMapping|Mapped "{[/error],produces=[text/html]}" onto public org.springframework.web.servlet.ModelAndView org.springframework.boot.autoconfigure.web.BasicErrorController.errorHtml(javax.servlet.http.HttpServletRequest,javax.servlet.http.HttpServletResponse)
2019-12-15 10:36:14.610|INFO ||o.s.w.s.h.SimpleUrlHandlerMapping|Mapped URL path [/webjars/**] onto handler of type [class org.springframework.web.servlet.resource.ResourceHttpRequestHandler]
2019-12-15 10:36:14.610|INFO ||o.s.w.s.h.SimpleUrlHandlerMapping|Mapped URL path [/**] onto handler of type [class org.springframework.web.servlet.resource.ResourceHttpRequestHandler]
2019-12-15 10:36:14.705|INFO ||o.s.w.s.h.SimpleUrlHandlerMapping|Mapped URL path [/**/favicon.ico] onto handler of type [class org.springframework.web.servlet.resource.ResourceHttpRequestHandler]
2019-12-15 10:36:14.798|WARN ||o.t.t.TemplateMode|[THYMELEAF][main] Template Mode 'HTML5' is deprecated. Using Template Mode 'HTML' instead.
2019-12-15 10:36:15.306|INFO ||o.s.b.a.w.WebMvcAutoConfiguration$WelcomePageHandlerMapping|Adding welcome page: ServletContext resource [/index.html]
2019-12-15 10:36:15.997|INFO ||o.s.j.e.a.AnnotationMBeanExporter|Registering beans for JMX exposure on startup
2019-12-15 10:36:16.000|INFO ||o.s.j.e.a.AnnotationMBeanExporter|Bean with name 'dataSource' has been autodetected for JMX exposure
2019-12-15 10:36:16.008|INFO ||o.s.j.e.a.AnnotationMBeanExporter|Located MBean 'dataSource': registering with JMX server as MBean [com.alibaba.druid.pool:name=dataSource,type=DruidDataSource]
2019-12-15 10:36:16.032|INFO ||o.a.c.h.Http11NioProtocol|Initializing ProtocolHandler ["http-nio-8080"]
2019-12-15 10:36:16.064|INFO ||o.a.c.h.Http11NioProtocol|Starting ProtocolHandler ["http-nio-8080"]
2019-12-15 10:36:16.089|INFO ||o.a.t.u.n.NioSelectorPool|Using a shared selector for servlet write/read
2019-12-15 10:36:16.133|INFO ||o.s.b.c.e.t.TomcatEmbeddedServletContainer|Tomcat started on port(s): 8080 (http)
2019-12-15 10:36:16.154|INFO ||c.z.SpringMainServer|Started SpringMainServer in 7.434 seconds (JVM running for 8.24)
2019-12-15 10:36:58.408|INFO ||c.z.SpringMainServer|Starting SpringMainServer on 276L1TOFFTS9ZKY with PID 2220 (E:\springcloudworkspace\SpringBootTest\target\classes started by Administrator in E:\springcloudworkspace\SpringBootTest)
2019-12-15 10:36:58.414|INFO ||c.z.SpringMainServer|No active profile set, falling back to default profiles: default
2019-12-15 10:36:58.973|INFO ||o.s.b.c.e.AnnotationConfigEmbeddedWebApplicationContext|Refreshing org.springframework.boot.context.embedded.AnnotationConfigEmbeddedWebApplicationContext@52f27fbd: startup date [Sun Dec 15 10:36:58 CST 2019]; root of context hierarchy
2019-12-15 10:36:59.074|INFO ||o.h.v.i.u.Version|HV000001: Hibernate Validator 5.3.6.Final
2019-12-15 10:37:01.561|INFO ||o.s.b.c.e.t.TomcatEmbeddedServletContainer|Tomcat initialized with port(s): 8080 (http)
2019-12-15 10:37:01.585|INFO ||o.a.c.c.StandardService|Starting service [Tomcat]
2019-12-15 10:37:01.587|INFO ||o.a.c.c.StandardEngine|Starting Servlet Engine: Apache Tomcat/8.5.27
2019-12-15 10:37:01.827|INFO ||o.a.c.c.C.[.[.[/]|Initializing Spring embedded WebApplicationContext
2019-12-15 10:37:01.827|INFO ||o.s.w.c.ContextLoader|Root WebApplicationContext: initialization completed in 2854 ms
2019-12-15 10:37:02.069|INFO ||o.s.b.w.s.ServletRegistrationBean|Mapping servlet: 'dispatcherServlet' to [/]
2019-12-15 10:37:02.078|INFO ||o.s.b.w.s.FilterRegistrationBean|Mapping filter: 'characterEncodingFilter' to: [/*]
2019-12-15 10:37:02.079|INFO ||o.s.b.w.s.FilterRegistrationBean|Mapping filter: 'hiddenHttpMethodFilter' to: [/*]
2019-12-15 10:37:02.079|INFO ||o.s.b.w.s.FilterRegistrationBean|Mapping filter: 'httpPutFormContentFilter' to: [/*]
2019-12-15 10:37:02.079|INFO ||o.s.b.w.s.FilterRegistrationBean|Mapping filter: 'requestContextFilter' to: [/*]
2019-12-15 10:37:03.180|INFO ||o.s.w.s.m.m.a.RequestMappingHandlerAdapter|Looking for @ControllerAdvice: org.springframework.boot.context.embedded.AnnotationConfigEmbeddedWebApplicationContext@52f27fbd: startup date [Sun Dec 15 10:36:58 CST 2019]; root of context hierarchy
2019-12-15 10:37:03.513|INFO ||o.s.w.s.m.m.a.RequestMappingHandlerMapping|Mapped "{[/fileUpload]}" onto public java.util.Map<java.lang.String, java.lang.Object> com.zxp.controler.FileUploadControler.fileUpload(org.springframework.web.multipart.MultipartFile) throws java.lang.IllegalStateException,java.io.IOException
2019-12-15 10:37:03.514|INFO ||o.s.w.s.m.m.a.RequestMappingHandlerMapping|Mapped "{[/hello]}" onto public java.util.Map<java.lang.String, java.lang.Object> com.zxp.controler.HelloControler.showHelloWorld()
2019-12-15 10:37:03.520|INFO ||o.s.w.s.m.m.a.RequestMappingHandlerMapping|Mapped "{[/user/getall],methods=[GET]}" onto public java.util.List<com.zxp.po.User> com.zxp.controler.UserControler.getUserList()
2019-12-15 10:37:03.524|INFO ||o.s.w.s.m.m.a.RequestMappingHandlerMapping|Mapped "{[/error]}" onto public org.springframework.http.ResponseEntity<java.util.Map<java.lang.String, java.lang.Object>> org.springframework.boot.autoconfigure.web.BasicErrorController.error(javax.servlet.http.HttpServletRequest)
2019-12-15 10:37:03.525|INFO ||o.s.w.s.m.m.a.RequestMappingHandlerMapping|Mapped "{[/error],produces=[text/html]}" onto public org.springframework.web.servlet.ModelAndView org.springframework.boot.autoconfigure.web.BasicErrorController.errorHtml(javax.servlet.http.HttpServletRequest,javax.servlet.http.HttpServletResponse)
2019-12-15 10:37:03.589|INFO ||o.s.w.s.h.SimpleUrlHandlerMapping|Mapped URL path [/webjars/**] onto handler of type [class org.springframework.web.servlet.resource.ResourceHttpRequestHandler]
2019-12-15 10:37:03.590|INFO ||o.s.w.s.h.SimpleUrlHandlerMapping|Mapped URL path [/**] onto handler of type [class org.springframework.web.servlet.resource.ResourceHttpRequestHandler]
2019-12-15 10:37:03.687|INFO ||o.s.w.s.h.SimpleUrlHandlerMapping|Mapped URL path [/**/favicon.ico] onto handler of type [class org.springframework.web.servlet.resource.ResourceHttpRequestHandler]
2019-12-15 10:37:03.772|WARN ||o.t.t.TemplateMode|[THYMELEAF][main] Template Mode 'HTML5' is deprecated. Using Template Mode 'HTML' instead.
2019-12-15 10:37:04.305|INFO ||o.s.b.a.w.WebMvcAutoConfiguration$WelcomePageHandlerMapping|Adding welcome page: ServletContext resource [/index.html]
2019-12-15 10:37:05.271|INFO ||o.s.j.e.a.AnnotationMBeanExporter|Registering beans for JMX exposure on startup
2019-12-15 10:37:05.274|INFO ||o.s.j.e.a.AnnotationMBeanExporter|Bean with name 'dataSource' has been autodetected for JMX exposure
2019-12-15 10:37:05.302|INFO ||o.s.j.e.a.AnnotationMBeanExporter|Located MBean 'dataSource': registering with JMX server as MBean [com.alibaba.druid.pool:name=dataSource,type=DruidDataSource]
2019-12-15 10:37:05.379|INFO ||o.a.c.h.Http11NioProtocol|Initializing ProtocolHandler ["http-nio-8080"]
2019-12-15 10:37:05.420|INFO ||o.a.c.h.Http11NioProtocol|Starting ProtocolHandler ["http-nio-8080"]
2019-12-15 10:37:05.456|INFO ||o.a.t.u.n.NioSelectorPool|Using a shared selector for servlet write/read
2019-12-15 10:37:05.554|INFO ||o.s.b.c.e.t.TomcatEmbeddedServletContainer|Tomcat started on port(s): 8080 (http)
2019-12-15 10:37:05.573|INFO ||c.z.SpringMainServer|Started SpringMainServer in 7.576 seconds (JVM running for 8.415)
2019-12-15 10:37:17.163|INFO ||o.a.c.c.C.[.[.[/]|Initializing Spring FrameworkServlet 'dispatcherServlet'
2019-12-15 10:37:17.163|INFO ||o.s.w.s.DispatcherServlet|FrameworkServlet 'dispatcherServlet': initialization started
2019-12-15 10:37:17.205|INFO ||o.s.w.s.DispatcherServlet|FrameworkServlet 'dispatcherServlet': initialization completed in 42 ms
2019-12-15 10:37:52.746|INFO ||c.z.s.UserService|enter UserService selectUserList
2019-12-15 10:37:52.877|INFO ||c.a.d.p.DruidDataSource|{dataSource-1} inited
