2019-10-15 20:12:42.081|INFO ||c.z.SpringMainServer|Starting SpringMainServer on 276L1TOFFTS9ZKY with PID 5232 (E:\springcloudworkspace\SpringBootTest\target\classes started by Administrator in E:\springcloudworkspace\SpringBootTest)
2019-10-15 20:12:42.093|INFO ||c.z.SpringMainServer|No active profile set, falling back to default profiles: default
2019-10-15 20:12:42.255|INFO ||o.s.b.c.e.AnnotationConfigEmbeddedWebApplicationContext|Refreshing org.springframework.boot.context.embedded.AnnotationConfigEmbeddedWebApplicationContext@57a78e3: startup date [Tue Oct 15 20:12:42 CST 2019]; root of context hierarchy
2019-10-15 20:12:43.369|INFO ||o.h.v.i.u.Version|HV000001: Hibernate Validator 5.3.6.Final
2019-10-15 20:12:45.195|INFO ||o.s.b.c.e.t.TomcatEmbeddedServletContainer|Tomcat initialized with port(s): 8080 (http)
2019-10-15 20:12:45.236|INFO ||o.a.c.c.StandardService|Starting service [Tomcat]
2019-10-15 20:12:45.239|INFO ||o.a.c.c.StandardEngine|Starting Servlet Engine: Apache Tomcat/8.5.27
2019-10-15 20:12:45.537|INFO ||o.a.c.c.C.[.[.[/]|Initializing Spring embedded WebApplicationContext
2019-10-15 20:12:45.537|INFO ||o.s.w.c.ContextLoader|Root WebApplicationContext: initialization completed in 3282 ms
2019-10-15 20:12:46.098|INFO ||o.s.b.w.s.ServletRegistrationBean|Mapping servlet: 'dispatcherServlet' to [/]
2019-10-15 20:12:46.100|INFO ||o.s.b.w.s.ServletRegistrationBean|Mapping servlet: 'TestHttpServlet' to [/testHttp]
2019-10-15 20:12:46.106|INFO ||o.s.b.w.s.FilterRegistrationBean|Mapping filter: 'characterEncodingFilter' to: [/*]
2019-10-15 20:12:46.106|INFO ||o.s.b.w.s.FilterRegistrationBean|Mapping filter: 'hiddenHttpMethodFilter' to: [/*]
2019-10-15 20:12:46.107|INFO ||o.s.b.w.s.FilterRegistrationBean|Mapping filter: 'httpPutFormContentFilter' to: [/*]
2019-10-15 20:12:46.107|INFO ||o.s.b.w.s.FilterRegistrationBean|Mapping filter: 'requestContextFilter' to: [/*]
2019-10-15 20:12:46.107|INFO ||o.s.b.w.s.FilterRegistrationBean|Mapping filter: 'TestFilter' to urls: [/*]
2019-10-15 20:12:46.809|INFO ||o.s.w.s.m.m.a.RequestMappingHandlerAdapter|Looking for @ControllerAdvice: org.springframework.boot.context.embedded.AnnotationConfigEmbeddedWebApplicationContext@57a78e3: startup date [Tue Oct 15 20:12:42 CST 2019]; root of context hierarchy
2019-10-15 20:12:46.934|INFO ||o.s.w.s.m.m.a.RequestMappingHandlerMapping|Mapped "{[/fileUpload]}" onto public java.util.Map<java.lang.String, java.lang.Object> com.zxp.controler.FileUploadControler.fileUpload(org.springframework.web.multipart.MultipartFile) throws java.lang.IllegalStateException,java.io.IOException
2019-10-15 20:12:46.936|INFO ||o.s.w.s.m.m.a.RequestMappingHandlerMapping|Mapped "{[/hello]}" onto public java.util.Map<java.lang.String, java.lang.Object> com.zxp.controler.HelloControler.showHelloWorld()
2019-10-15 20:12:46.941|INFO ||o.s.w.s.m.m.a.RequestMappingHandlerMapping|Mapped "{[/error]}" onto public org.springframework.http.ResponseEntity<java.util.Map<java.lang.String, java.lang.Object>> org.springframework.boot.autoconfigure.web.BasicErrorController.error(javax.servlet.http.HttpServletRequest)
2019-10-15 20:12:46.942|INFO ||o.s.w.s.m.m.a.RequestMappingHandlerMapping|Mapped "{[/error],produces=[text/html]}" onto public org.springframework.web.servlet.ModelAndView org.springframework.boot.autoconfigure.web.BasicErrorController.errorHtml(javax.servlet.http.HttpServletRequest,javax.servlet.http.HttpServletResponse)
2019-10-15 20:12:47.011|INFO ||o.s.w.s.h.SimpleUrlHandlerMapping|Mapped URL path [/webjars/**] onto handler of type [class org.springframework.web.servlet.resource.ResourceHttpRequestHandler]
2019-10-15 20:12:47.011|INFO ||o.s.w.s.h.SimpleUrlHandlerMapping|Mapped URL path [/**] onto handler of type [class org.springframework.web.servlet.resource.ResourceHttpRequestHandler]
2019-10-15 20:12:47.101|INFO ||o.s.w.s.h.SimpleUrlHandlerMapping|Mapped URL path [/**/favicon.ico] onto handler of type [class org.springframework.web.servlet.resource.ResourceHttpRequestHandler]
2019-10-15 20:12:47.161|INFO ||o.s.b.a.w.WebMvcAutoConfiguration$WelcomePageHandlerMapping|Adding welcome page: ServletContext resource [/index.html]
2019-10-15 20:12:47.714|INFO ||o.s.j.e.a.AnnotationMBeanExporter|Registering beans for JMX exposure on startup
2019-10-15 20:12:47.753|INFO ||o.a.c.h.Http11NioProtocol|Initializing ProtocolHandler ["http-nio-8080"]
2019-10-15 20:12:47.788|INFO ||o.a.c.h.Http11NioProtocol|Starting ProtocolHandler ["http-nio-8080"]
2019-10-15 20:12:47.829|INFO ||o.a.t.u.n.NioSelectorPool|Using a shared selector for servlet write/read
2019-10-15 20:12:47.877|INFO ||o.s.b.c.e.t.TomcatEmbeddedServletContainer|Tomcat started on port(s): 8080 (http)
2019-10-15 20:12:47.887|INFO ||c.z.SpringMainServer|Started SpringMainServer in 6.262 seconds (JVM running for 7.194)
2019-10-15 20:13:30.621|INFO ||o.a.c.c.C.[.[.[/]|Initializing Spring FrameworkServlet 'dispatcherServlet'
2019-10-15 20:13:30.622|INFO ||o.s.w.s.DispatcherServlet|FrameworkServlet 'dispatcherServlet': initialization started
2019-10-15 20:13:30.658|INFO ||o.s.w.s.DispatcherServlet|FrameworkServlet 'dispatcherServlet': initialization completed in 36 ms
2019-10-15 20:14:41.691|ERROR||o.a.c.c.C.[.[.[.[dispatcherServlet]|Servlet.service() for servlet [dispatcherServlet] in context with path [] threw exception [Request processing failed; nested exception is java.lang.NullPointerException] with root cause
java.lang.NullPointerException: null
	at com.zxp.controler.FileUploadControler.fileUpload(FileUploadControler.java:17)
	at sun.reflect.NativeMethodAccessorImpl.invoke0(Native Method)
	at sun.reflect.NativeMethodAccessorImpl.invoke(NativeMethodAccessorImpl.java:62)
	at sun.reflect.DelegatingMethodAccessorImpl.invoke(DelegatingMethodAccessorImpl.java:43)
	at java.lang.reflect.Method.invoke(Method.java:498)
	at org.springframework.web.method.support.InvocableHandlerMethod.doInvoke(InvocableHandlerMethod.java:205)
	at org.springframework.web.method.support.InvocableHandlerMethod.invokeForRequest(InvocableHandlerMethod.java:133)
	at org.springframework.web.servlet.mvc.method.annotation.ServletInvocableHandlerMethod.invokeAndHandle(ServletInvocableHandlerMethod.java:97)
	at org.springframework.web.servlet.mvc.method.annotation.RequestMappingHandlerAdapter.invokeHandlerMethod(RequestMappingHandlerAdapter.java:827)
	at org.springframework.web.servlet.mvc.method.annotation.RequestMappingHandlerAdapter.handleInternal(RequestMappingHandlerAdapter.java:738)
	at org.springframework.web.servlet.mvc.method.AbstractHandlerMethodAdapter.handle(AbstractHandlerMethodAdapter.java:85)
	at org.springframework.web.servlet.DispatcherServlet.doDispatch(DispatcherServlet.java:967)
	at org.springframework.web.servlet.DispatcherServlet.doService(DispatcherServlet.java:901)
	at org.springframework.web.servlet.FrameworkServlet.processRequest(FrameworkServlet.java:970)
	at org.springframework.web.servlet.FrameworkServlet.doGet(FrameworkServlet.java:861)
	at javax.servlet.http.HttpServlet.service(HttpServlet.java:635)
	at org.springframework.web.servlet.FrameworkServlet.service(FrameworkServlet.java:846)
	at javax.servlet.http.HttpServlet.service(HttpServlet.java:742)
	at org.apache.catalina.core.ApplicationFilterChain.internalDoFilter(ApplicationFilterChain.java:231)
	at org.apache.catalina.core.ApplicationFilterChain.doFilter(ApplicationFilterChain.java:166)
	at org.apache.tomcat.websocket.server.WsFilter.doFilter(WsFilter.java:52)
	at org.apache.catalina.core.ApplicationFilterChain.internalDoFilter(ApplicationFilterChain.java:193)
	at org.apache.catalina.core.ApplicationFilterChain.doFilter(ApplicationFilterChain.java:166)
	at com.zxp.filter.TestFilter.doFilter(TestFilter.java:23)
	at org.apache.catalina.core.ApplicationFilterChain.internalDoFilter(ApplicationFilterChain.java:193)
	at org.apache.catalina.core.ApplicationFilterChain.doFilter(ApplicationFilterChain.java:166)
	at org.springframework.web.filter.RequestContextFilter.doFilterInternal(RequestContextFilter.java:99)
	at org.springframework.web.filter.OncePerRequestFilter.doFilter(OncePerRequestFilter.java:107)
	at org.apache.catalina.core.ApplicationFilterChain.internalDoFilter(ApplicationFilterChain.java:193)
	at org.apache.catalina.core.ApplicationFilterChain.doFilter(ApplicationFilterChain.java:166)
	at org.springframework.web.filter.HttpPutFormContentFilter.doFilterInternal(HttpPutFormContentFilter.java:108)
	at org.springframework.web.filter.OncePerRequestFilter.doFilter(OncePerRequestFilter.java:107)
	at org.apache.catalina.core.ApplicationFilterChain.internalDoFilter(ApplicationFilterChain.java:193)
	at org.apache.catalina.core.ApplicationFilterChain.doFilter(ApplicationFilterChain.java:166)
	at org.springframework.web.filter.HiddenHttpMethodFilter.doFilterInternal(HiddenHttpMethodFilter.java:81)
	at org.springframework.web.filter.OncePerRequestFilter.doFilter(OncePerRequestFilter.java:107)
	at org.apache.catalina.core.ApplicationFilterChain.internalDoFilter(ApplicationFilterChain.java:193)
	at org.apache.catalina.core.ApplicationFilterChain.doFilter(ApplicationFilterChain.java:166)
	at org.springframework.web.filter.CharacterEncodingFilter.doFilterInternal(CharacterEncodingFilter.java:197)
	at org.springframework.web.filter.OncePerRequestFilter.doFilter(OncePerRequestFilter.java:107)
	at org.apache.catalina.core.ApplicationFilterChain.internalDoFilter(ApplicationFilterChain.java:193)
	at org.apache.catalina.core.ApplicationFilterChain.doFilter(ApplicationFilterChain.java:166)
	at org.apache.catalina.core.StandardWrapperValve.invoke(StandardWrapperValve.java:199)
	at org.apache.catalina.core.StandardContextValve.invoke(StandardContextValve.java:96)
	at org.apache.catalina.authenticator.AuthenticatorBase.invoke(AuthenticatorBase.java:504)
	at org.apache.catalina.core.StandardHostValve.invoke(StandardHostValve.java:140)
	at org.apache.catalina.valves.ErrorReportValve.invoke(ErrorReportValve.java:81)
	at org.apache.catalina.core.StandardEngineValve.invoke(StandardEngineValve.java:87)
	at org.apache.catalina.connector.CoyoteAdapter.service(CoyoteAdapter.java:342)
	at org.apache.coyote.http11.Http11Processor.service(Http11Processor.java:803)
	at org.apache.coyote.AbstractProcessorLight.process(AbstractProcessorLight.java:66)
	at org.apache.coyote.AbstractProtocol$ConnectionHandler.process(AbstractProtocol.java:790)
	at org.apache.tomcat.util.net.NioEndpoint$SocketProcessor.doRun(NioEndpoint.java:1459)
	at org.apache.tomcat.util.net.SocketProcessorBase.run(SocketProcessorBase.java:49)
	at java.util.concurrent.ThreadPoolExecutor.runWorker(ThreadPoolExecutor.java:1142)
	at java.util.concurrent.ThreadPoolExecutor$Worker.run(ThreadPoolExecutor.java:617)
	at org.apache.tomcat.util.threads.TaskThread$WrappingRunnable.run(TaskThread.java:61)
	at java.lang.Thread.run(Thread.java:745)
